mono profile = '/opt/Unity/Editor/Data/Mono/lib/mono/2.0'
Initialize mono
Mono path[0] = '/opt/Unity/Editor/Data/Managed'
Mono path[1] = '/opt/Unity/Editor/Data/Mono/lib/mono/2.0'
Mono path[2] = '/opt/Unity/Editor/Data/UnityScript'
Mono path[3] = '/opt/Unity/Editor/Data/Mono/lib/mono/2.0'
Mono config path = '/opt/Unity/Editor/Data/Mono/etc'
Using monoOptions --debugger-agent=transport=dt_socket,embedding=1,defer=y,address=0.0.0.0:56292
Desktop is 1920 x 1080 @ 60 Hz

Selecting FBConfig
GLX_FBCONFIG_ID=152
GLX_BUFFER_SIZE=32
GLX_DOUBLEBUFFER=1
GLX_RED_SIZE=8
GLX_GREEN_SIZE=8
GLX_BLUE_SIZE=8
GLX_ALPHA_SIZE=8
GLX_DEPTH_SIZE=24
GLX_STENCIL_SIZE=8
GLX_SAMPLES_ARB=0
GLX_SAMPLE_BUFFERS_ARB=0
GLX_STEREO=0
GLX_CONFIG_CAVEAT=NONE


LICENSE SYSTEM [201728 11:46:51] No start/stop license dates set

LICENSE SYSTEM [201728 11:46:51] Next license update check is after 2017-02-08T11:14:26

[0208/114651:ERROR:browser_main_loop.cc(161)] Running without the SUID sandbox! See https://code.google.com/p/chromium/wiki/LinuxSUIDSandboxDevelopment for more information on developing with the sandbox on.
ATTENTION: default value of option force_s3tc_enable overridden by environment.
[0208/114651:ERROR:renderer_main.cc(227)] Running without renderer sandbox
[0208/114652:ERROR:gpu_process_transport_factory.cc(402)] Failed to establish GPU channel.
IsTimeToCheckForNewEditor: Update time 0 current 1486550816
/home/sjors/code/unity/test
UpdateMenuTitleForLanguage: 10
Using libudev for joystick management


Importing game controller configs
Loading GUID <-> Path mappings...0.000030 seconds
Loading Asset Database...0.012470 seconds
AudioManager: Using PulseAudio: Default Output Device
AssetDatabase consistency checks...0.186760 seconds
Initialize engine version: 5.5.0xp1Linux (59c25c92588f)
GLX Extensions: GLX_ARB_create_context GLX_ARB_create_context_profile GLX_ARB_create_context_robustness GLX_ARB_fbconfig_float GLX_ARB_framebuffer_sRGB GLX_ARB_get_proc_address GLX_ARB_multisample GLX_EXT_import_context GLX_EXT_visual_info GLX_EXT_visual_rating GLX_EXT_fbconfig_packed_float GLX_EXT_framebuffer_sRGB GLX_EXT_create_context_es2_profile GLX_EXT_create_context_es_profile GLX_MESA_copy_sub_buffer GLX_MESA_multithread_makecurrent GLX_MESA_query_renderer GLX_MESA_swap_control GLX_OML_swap_method GLX_OML_sync_control GLX_SGI_make_current_read GLX_SGI_swap_control GLX_SGI_video_sync GLX_SGIS_multisample GLX_SGIX_fbconfig GLX_SGIX_pbuffer GLX_SGIX_visual_select_group GLX_EXT_texture_from_pixmap GLX_INTEL_swap_event GLX_EXT_buffer_age 
Setting maxVSyncInterval to 4
Renderer: Mesa DRI Intel(R) HD Graphics 620 (Kabylake GT2) 
Vendor:   Intel Open Source Technology Center
Version:  4.5 (Core Profile) Mesa 13.0.4
GLES:     0
 GL_3DFX_texture_compression_FXT1 GL_AMD_conservative_depth GL_AMD_draw_buffers_blend GL_AMD_seamless_cubemap_per_texture GL_AMD_shader_stencil_export GL_AMD_shader_trinary_minmax GL_AMD_vertex_shader_layer GL_AMD_vertex_shader_viewport_index GL_ANGLE_texture_compression_dxt3 GL_ANGLE_texture_compression_dxt5 GL_APPLE_object_purgeable GL_ARB_ES2_compatibility GL_ARB_ES3_1_compatibility GL_ARB_ES3_2_compatibility GL_ARB_ES3_compatibility GL_ARB_arrays_of_arrays GL_ARB_base_instance GL_ARB_blend_func_extended GL_ARB_buffer_storage GL_ARB_clear_buffer_object GL_ARB_clear_texture GL_ARB_clip_control GL_ARB_compressed_texture_pixel_storage GL_ARB_compute_shader GL_ARB_conditional_render_inverted GL_ARB_conservative_depth GL_ARB_copy_buffer GL_ARB_copy_image GL_ARB_cull_distance GL_ARB_debug_output GL_ARB_depth_buffer_float GL_ARB_depth_clamp GL_ARB_derivative_control GL_ARB_direct_state_access GL_ARB_draw_buffers GL_ARB_draw_buffers_blend GL_ARB_draw_elements_base_vertex GL_ARB_draw_indirect GL_ARB_draw_instanced
 GL_ARB_enhanced_layouts GL_ARB_explicit_attrib_location GL_ARB_explicit_uniform_location GL_ARB_fragment_coord_conventions GL_ARB_fragment_layer_viewport GL_ARB_fragment_shader GL_ARB_framebuffer_no_attachments GL_ARB_framebuffer_object GL_ARB_framebuffer_sRGB GL_ARB_get_program_binary GL_ARB_get_texture_sub_image GL_ARB_gpu_shader5 GL_ARB_gpu_shader_fp64 GL_ARB_half_float_pixel GL_ARB_half_float_vertex GL_ARB_instanced_arrays GL_ARB_internalformat_query GL_ARB_internalformat_query2 GL_ARB_invalidate_subdata GL_ARB_map_buffer_alignment GL_ARB_map_buffer_range GL_ARB_multi_bind GL_ARB_multi_draw_indirect GL_ARB_occlusion_query2 GL_ARB_pipeline_statistics_query GL_ARB_pixel_buffer_object GL_ARB_point_sprite GL_ARB_program_interface_query GL_ARB_provoking_vertex GL_ARB_query_buffer_object GL_ARB_robust_buffer_access_behavior GL_ARB_robustness GL_ARB_sample_shading GL_ARB_sampler_objects GL_ARB_seamless_cube_map GL_ARB_seamless_cubemap_per_texture GL_ARB_separate_shader_objects GL_ARB_shader_atomic_counter_ops 
GL_ARB_shader_atomic_counters GL_ARB_shader_bit_encoding GL_ARB_shader_clock GL_ARB_shader_draw_parameters GL_ARB_shader_image_load_store GL_ARB_shader_image_size GL_ARB_shader_objects GL_ARB_shader_precision GL_ARB_shader_stencil_export GL_ARB_shader_storage_buffer_object GL_ARB_shader_subroutine GL_ARB_shader_texture_image_samples GL_ARB_shader_texture_lod GL_ARB_shader_viewport_layer_array GL_ARB_shading_language_420pack GL_ARB_shading_language_packing GL_ARB_stencil_texturing GL_ARB_sync GL_ARB_tessellation_shader GL_ARB_texture_barrier GL_ARB_texture_buffer_object GL_ARB_texture_buffer_object_rgb32 GL_ARB_texture_buffer_range GL_ARB_texture_compression_bptc GL_ARB_texture_compression_rgtc GL_ARB_texture_cube_map_array GL_ARB_texture_float GL_ARB_texture_gather GL_ARB_texture_mirror_clamp_to_edge GL_ARB_texture_multisample GL_ARB_texture_non_power_of_two GL_ARB_texture_query_levels GL_ARB_texture_query_lod GL_ARB_texture_rectangle GL_ARB_texture_rg GL_ARB_texture_rgb10_a2ui GL_ARB_texture_stencil8 GL_ARB
_texture_storage GL_ARB_texture_storage_multisample GL_ARB_texture_swizzle GL_ARB_texture_view GL_ARB_timer_query GL_ARB_transform_feedback2 GL_ARB_transform_feedback3 GL_ARB_transform_feedback_instanced GL_ARB_uniform_buffer_object GL_ARB_vertex_array_bgra GL_ARB_vertex_array_object GL_ARB_vertex_attrib_64bit GL_ARB_vertex_attrib_binding GL_ARB_vertex_shader GL_ARB_vertex_type_10f_11f_11f_rev GL_ARB_vertex_type_2_10_10_10_rev GL_ARB_viewport_array GL_ATI_blend_equation_separate GL_ATI_texture_float GL_EXT_abgr GL_EXT_blend_equation_separate GL_EXT_draw_buffers2 GL_EXT_draw_instanced GL_EXT_framebuffer_blit GL_EXT_framebuffer_multisample GL_EXT_framebuffer_multisample_blit_scaled GL_EXT_framebuffer_sRGB GL_EXT_packed_depth_stencil GL_EXT_packed_float GL_EXT_pixel_buffer_object GL_EXT_polygon_offset_clamp GL_EXT_provoking_vertex GL_EXT_shader_integer_mix GL_EXT_shader_samples_identical GL_EXT_texture_array GL_EXT_texture_compression_dxt1 GL_EXT_texture_compression_rgtc GL_EXT_texture_compression_s3tc GL_EXT_t
exture_filter_anisotropic GL_EXT_texture_integer GL_EXT_texture_sRGB GL_EXT_texture_sRGB_decode GL_EXT_texture_shared_exponent GL_EXT_texture_snorm GL_EXT_texture_swizzle GL_EXT_timer_query GL_EXT_transform_feedback GL_EXT_vertex_array_bgra GL_IBM_multimode_draw_arrays GL_KHR_blend_equation_advanced GL_KHR_blend_equation_advanced_coherent GL_KHR_context_flush_control GL_KHR_debug GL_KHR_robust_buffer_access_behavior GL_KHR_robustness GL_KHR_texture_compression_astc_ldr GL_KHR_texture_compression_astc_sliced_3d GL_MESA_pack_invert GL_MESA_shader_integer_functions GL_MESA_texture_signed_rgba GL_NV_conditional_render GL_NV_depth_clamp GL_NV_packed_depth_stencil GL_NV_texture_barrier GL_OES_EGL_image GL_OES_read_format GL_S3_s3tc
OPENGL LOG: Creating OpenGL 4.5 graphics device ; Context level  <OpenGL 4.5> ; Context handle -524657152
Begin MonoManager ReloadAssembly
Platform assembly: /opt/Unity/Editor/Data/Managed/UnityEngine.dll (this message is harmless)
Platform assembly: /opt/Unity/Editor/Data/Managed/UnityEditor.dll (this message is harmless)
Platform assembly: /opt/Unity/Editor/Data/Managed/Unity.Locator.dll (this message is harmless)
Platform assembly: /opt/Unity/Editor/Data/Managed/Unity.DataContract.dll (this message is harmless)
Platform assembly: /opt/Unity/Editor/Data/Mono/lib/mono/2.0/System.Core.dll (this message is harmless)
Platform assembly: /opt/Unity/Editor/Data/Managed/Unity.IvyParser.dll (this message is harmless)
Platform assembly: /opt/Unity/Editor/Data/Mono/lib/mono/2.0/System.dll (this message is harmless)
Platform assembly: /opt/Unity/Editor/Data/Mono/lib/mono/2.0/System.Xml.dll (this message is harmless)
Platform assembly: /opt/Unity/Editor/Data/Mono/lib/mono/2.0/System.Configuration.dll (this message is harmless)
Platform assembly: /opt/Unity/Editor/Data/PackageManager/Unity/PackageManager/5.5.0/Unity.PackageManager.dll (this message is harmless)
Initializing Unity.PackageManager (PackageManager) v5.5.0 for Unity v5.5.0xp1Linux
Setting Android v5.5.0 for Unity v5.5.0xp1Linux to /opt/Unity/Editor/Data/PlaybackEngines/AndroidPlayer
Setting StandaloneLinux v5.5.0 for Unity v5.5.0xp1Linux to /opt/Unity/Editor/Data/PlaybackEngines/LinuxStandaloneSupport
Setting StandaloneOSXIntel v5.5.0 for Unity v5.5.0xp1Linux to /opt/Unity/Editor/Data/PlaybackEngines/MacStandaloneSupport
Setting SamsungTV v5.5.0 for Unity v5.5.0xp1Linux to /opt/Unity/Editor/Data/PlaybackEngines/STVPlayer
Setting Tizen v5.5.0 for Unity v5.5.0xp1Linux to /opt/Unity/Editor/Data/PlaybackEngines/TizenPlayer
Setting WebGL v5.5.0 for Unity v5.5.0xp1Linux to /opt/Unity/Editor/Data/PlaybackEngines/WebGLSupport
Setting StandaloneWindows v5.5.0 for Unity v5.5.0xp1Linux to /opt/Unity/Editor/Data/PlaybackEngines/WindowsStandaloneSupport
Setting iPhone v5.5.0 for Unity v5.5.0xp1Linux to /opt/Unity/Editor/Data/PlaybackEngines/iOSSupport
Setting Advertisements v5.5.0 for Unity v5.5.0xp1Linux to /opt/Unity/Editor/Data/UnityExtensions/Unity/Advertisements
  UnityEngine.Advertisements.dll (Extension) GUID: 739bbd9f364b4268874f9fd86ab3beef
  Editor/UnityEditor.Advertisements.dll (Extension) GUID: 97decbdab0634cdd991f8d23ddf0dead
Setting EditorTestsRunner v5.5.0 for Unity v5.5.0xp1Linux to /opt/Unity/Editor/Data/UnityExtensions/Unity/EditorTestsRunner
  Editor/nunit.framework.dll (Extension) GUID: 7cbab2be89b54486bbd23a6fe637d30e
  Editor/UnityEditor.EditorTestsRunner.dll (Extension) GUID: 3c0ad459c1534645b5d603b7cc258f97
Setting GUISystem v5.5.0 for Unity v5.5.0xp1Linux to /opt/Unity/Editor/Data/UnityExtensions/Unity/GUISystem
  UnityEngine.UI.dll (Extension) GUID: f5f67c52d1564df4a8936ccd202a3bd8
  Standalone/UnityEngine.UI.dll (Extension) GUID: f70555f144d8491a825f0804e09c671c
  Editor/UnityEditor.UI.dll (Extension) GUID: 80a3616ca19596e4da0f10f14d241e9f
Setting UNetHLAPI v5.5.0 for Unity v5.5.0xp1Linux to /opt/Unity/Editor/Data/UnityExtensions/Unity/Networking
  UnityEngine.Networking.dll (Extension) GUID: 870353891bb340e2b2a9c8707e7419ba
  Standalone/UnityEngine.Networking.dll (Extension) GUID: dc443db3e92b4983b9738c1131f555cb
  Editor/UnityEditor.Networking.dll (Extension) GUID: 5f32cd94baa94578a686d4b9d6b660f7
Setting PlaymodeTestsRunner v5.5.0 for Unity v5.5.0xp1Linux to /opt/Unity/Editor/Data/UnityExtensions/Unity/PlaymodeTestsRunner
  Editor/UnityEditor.PlaymodeTestsRunner.dll (Extension) GUID: 4113173d5e95493ab8765d7b08371de4
  UnityEngine.PlaymodeTestsRunner.dll (Extension) GUID: 53ebcfaa2e1e4e2dbc85882cd5a73fa1
Setting TreeEditor v5.5.0 for Unity v5.5.0xp1Linux to /opt/Unity/Editor/Data/UnityExtensions/Unity/TreeEditor
  Editor/UnityEditor.TreeEditor.dll (Extension) GUID: adebbd281f1a4ef3a30be7f21937e02f
Setting UnityAnalytics v5.5.0 for Unity v5.5.0xp1Linux to /opt/Unity/Editor/Data/UnityExtensions/Unity/UnityAnalytics
  UnityEngine.Analytics.dll (Extension) GUID: 852E56802EB941638ACBB491814497B0
  Editor/UnityEditor.Analytics.dll (Extension) GUID: 86f4de9468454445ac2f39e207fafa3a
Setting UnityHoloLens v5.5.0 for Unity v5.5.0xp1Linux to /opt/Unity/Editor/Data/UnityExtensions/Unity/UnityHoloLens
  Editor/UnityEditor.HoloLens.dll (Extension) GUID: 12fd8a0055b84bb59e84c9835a37e333
  Runtime/UnityEngine.HoloLens.dll (Extension) GUID: f7b54ff4a43d4fcf81b4538b678e0bcc
  RuntimeEditor/UnityEngine.HoloLens.dll (Extension) GUID: 1c6d1fbb51834b64847b1b73a75bfc77
Setting UnityPurchasing v5.5.0 for Unity v5.5.0xp1Linux to /opt/Unity/Editor/Data/UnityExtensions/Unity/UnityPurchasing
  UnityEngine.Purchasing.dll (Extension) GUID: 8E0CD8ED44D4412CBE0642067ABC9E44
Setting UnityVR v5.5.0 for Unity v5.5.0xp1Linux to /opt/Unity/Editor/Data/UnityExtensions/Unity/UnityVR
  Editor/UnityEditor.VR.dll (Extension) GUID: 4ba2329b63d54f0187bcaa12486b1b0f
  Runtime/UnityEngine.VR.dll (Extension) GUID: 6cdf1e5c78d14720aaadccd4C792df96
  RuntimeEditor/UnityEngine.VR.dll (Extension) GUID: 307433eba81a469ab1e2084d52d1a5a2
Registering custom dll's ...
Register platform support module: /opt/Unity/Editor/Data/PlaybackEngines/AndroidPlayer/UnityEditor.Android.Extensions.dll
Register platform support module: /opt/Unity/Editor/Data/PlaybackEngines/iOSSupport/UnityEditor.iOS.Extensions.dll
Register platform support module: /opt/Unity/Editor/Data/PlaybackEngines/TizenPlayer/UnityEditor.Tizen.Extensions.dll
Register platform support module: /opt/Unity/Editor/Data/PlaybackEngines/STVPlayer/UnityEditor.SamsungTV.Extensions.dll
Register platform support module: /opt/Unity/Editor/Data/PlaybackEngines/WebGLSupport/UnityEditor.WebGL.Extensions.dll
Register platform support module: /opt/Unity/Editor/Data/PlaybackEngines/LinuxStandaloneSupport/UnityEditor.LinuxStandalone.Extensions.dll
Register platform support module: /opt/Unity/Editor/Data/PlaybackEngines/WindowsStandaloneSupport/UnityEditor.WindowsStandalone.Extensions.dll
Register platform support module: /opt/Unity/Editor/Data/PlaybackEngines/MacStandaloneSupport/UnityEditor.OSXStandalone.Extensions.dll
Registered in 0.011320 seconds.
System.SystemException: Error running gmcs: Cannot find the specified file
  at Mono.CSharp.CSharpCodeCompiler.CompileFromFileBatch (System.CodeDom.Compiler.CompilerParameters options, System.String[] fileNames) [0x00000] in <filename unknown>:0 
  at Mono.CSharp.CSharpCodeCompiler.CompileAssemblyFromFileBatch (System.CodeDom.Compiler.CompilerParameters options, System.String[] fileNames) [0x00000] in <filename unknown>:0 
  at Mono.CSharp.CSharpCodeCompiler.CompileAssemblyFromFile (System.CodeDom.Compiler.CompilerParameters options, System.String fileName) [0x00000] in <filename unknown>:0 
  at System.Xml.Serialization.XmlSerializer.GenerateSerializers (System.Xml.Serialization.GenerationBatch batch, System.CodeDom.Compiler.CompilerParameters cp) [0x00000] in <filename unknown>:0 
  at System.Xml.Serialization.XmlSerializer.RunSerializerGeneration (System.Object obj) [0x00000] in <filename unknown>:0 System.SystemException: Error running gmcs: Cannot find the specified file
  at Mono.CSharp.CSharpCodeCompiler.CompileFromFileBatch (System.CodeDom.Compiler.CompilerParameters options, System.String[] fileNames) [0x00000] in <filename unknown>:0 
  at Mono.CSharp.CSharpCodeCompiler.CompileAssemblyFromFileBatch (System.CodeDom.Compiler.CompilerParameters options, System.String[] fileNames) [0x00000] in <filename unknown>:0 
  at Mono.CSharp.CSharpCodeCompiler.CompileAssemblyFromFile (System.CodeDom.Compiler.CompilerParameters options, System.String fileName) [0x00000] in <filename unknown>:0 
  at System.Xml.Serialization.XmlSerializer.GenerateSerializers (System.Xml.Serialization.GenerationBatch batch, System.CodeDom.Compiler.CompilerParameters cp) [0x00000] in <filename unknown>:0 
  at System.Xml.Serialization.XmlSerializer.RunSerializerGeneration (System.Object obj) [0x00000] in <filename unknown>:0 

Non platform assembly: /home/sjors/code/unity/test/Library/ScriptAssemblies/Assembly-CSharp.dll (this message is harmless)
Loading /home/sjors/code/unity/test/Library/ScriptAssemblies/Assembly-CSharp.dll into Unity Child Domain
Platform assembly: /opt/Unity/Editor/Data/PackageManager/Unity/PackageManager/5.5.0/Unity.PackageManager.dll (this message is harmless)
Loading /opt/Unity/Editor/Data/PackageManager/Unity/PackageManager/5.5.0/Unity.PackageManager.dll into Unity Child Domain
Non platform assembly: /opt/Unity/Editor/Data/UnityExtensions/Unity/Advertisements/UnityEngine.Advertisements.dll (this message is harmless)
Loading /opt/Unity/Editor/Data/UnityExtensions/Unity/Advertisements/UnityEngine.Advertisements.dll into Unity Child Domain
Non platform assembly: /opt/Unity/Editor/Data/UnityExtensions/Unity/Advertisements/Editor/UnityEditor.Advertisements.dll (this message is harmless)
Loading /opt/Unity/Editor/Data/UnityExtensions/Unity/Advertisements/Editor/UnityEditor.Advertisements.dll into Unity Child Domain
Non platform assembly: /opt/Unity/Editor/Data/UnityExtensions/Unity/EditorTestsRunner/Editor/nunit.framework.dll (this message is harmless)
Loading /opt/Unity/Editor/Data/UnityExtensions/Unity/EditorTestsRunner/Editor/nunit.framework.dll into Unity Child Domain
Non platform assembly: /opt/Unity/Editor/Data/UnityExtensions/Unity/EditorTestsRunner/Editor/UnityEditor.EditorTestsRunner.dll (this message is harmless)
Loading /opt/Unity/Editor/Data/UnityExtensions/Unity/EditorTestsRunner/Editor/UnityEditor.EditorTestsRunner.dll into Unity Child Domain
Non platform assembly: /opt/Unity/Editor/Data/UnityExtensions/Unity/GUISystem/UnityEngine.UI.dll (this message is harmless)
Loading /opt/Unity/Editor/Data/UnityExtensions/Unity/GUISystem/UnityEngine.UI.dll into Unity Child Domain
Non platform assembly: /opt/Unity/Editor/Data/UnityExtensions/Unity/GUISystem/Editor/UnityEditor.UI.dll (this message is harmless)
Loading /opt/Unity/Editor/Data/UnityExtensions/Unity/GUISystem/Editor/UnityEditor.UI.dll into Unity Child Domain
Non platform assembly: /opt/Unity/Editor/Data/UnityExtensions/Unity/Networking/UnityEngine.Networking.dll (this message is harmless)
Loading /opt/Unity/Editor/Data/UnityExtensions/Unity/Networking/UnityEngine.Networking.dll into Unity Child Domain
Non platform assembly: /opt/Unity/Editor/Data/UnityExtensions/Unity/Networking/Editor/UnityEditor.Networking.dll (this message is harmless)
Loading /opt/Unity/Editor/Data/UnityExtensions/Unity/Networking/Editor/UnityEditor.Networking.dll into Unity Child Domain
Non platform assembly: /opt/Unity/Editor/Data/UnityExtensions/Unity/PlaymodeTestsRunner/Editor/UnityEditor.PlaymodeTestsRunner.dll (this message is harmless)
Loading /opt/Unity/Editor/Data/UnityExtensions/Unity/PlaymodeTestsRunner/Editor/UnityEditor.PlaymodeTestsRunner.dll into Unity Child Domain
Non platform assembly: /opt/Unity/Editor/Data/UnityExtensions/Unity/PlaymodeTestsRunner/UnityEngine.PlaymodeTestsRunner.dll (this message is harmless)
Loading /opt/Unity/Editor/Data/UnityExtensions/Unity/PlaymodeTestsRunner/UnityEngine.PlaymodeTestsRunner.dll into Unity Child Domain
Non platform assembly: /opt/Unity/Editor/Data/UnityExtensions/Unity/TreeEditor/Editor/UnityEditor.TreeEditor.dll (this message is harmless)
Loading /opt/Unity/Editor/Data/UnityExtensions/Unity/TreeEditor/Editor/UnityEditor.TreeEditor.dll into Unity Child Domain
Non platform assembly: /opt/Unity/Editor/Data/UnityExtensions/Unity/UnityAnalytics/UnityEngine.Analytics.dll (this message is harmless)
Loading /opt/Unity/Editor/Data/UnityExtensions/Unity/UnityAnalytics/UnityEngine.Analytics.dll into Unity Child Domain
Non platform assembly: /opt/Unity/Editor/Data/UnityExtensions/Unity/UnityAnalytics/Editor/UnityEditor.Analytics.dll (this message is harmless)
Loading /opt/Unity/Editor/Data/UnityExtensions/Unity/UnityAnalytics/Editor/UnityEditor.Analytics.dll into Unity Child Domain
Non platform assembly: /opt/Unity/Editor/Data/UnityExtensions/Unity/UnityHoloLens/Editor/UnityEditor.HoloLens.dll (this message is harmless)
Loading /opt/Unity/Editor/Data/UnityExtensions/Unity/UnityHoloLens/Editor/UnityEditor.HoloLens.dll into Unity Child Domain
Non platform assembly: /opt/Unity/Editor/Data/UnityExtensions/Unity/UnityHoloLens/RuntimeEditor/UnityEngine.HoloLens.dll (this message is harmless)
Loading /opt/Unity/Editor/Data/UnityExtensions/Unity/UnityHoloLens/RuntimeEditor/UnityEngine.HoloLens.dll into Unity Child Domain
Non platform assembly: /opt/Unity/Editor/Data/UnityExtensions/Unity/UnityPurchasing/UnityEngine.Purchasing.dll (this message is harmless)
Loading /opt/Unity/Editor/Data/UnityExtensions/Unity/UnityPurchasing/UnityEngine.Purchasing.dll into Unity Child Domain
Non platform assembly: /opt/Unity/Editor/Data/UnityExtensions/Unity/UnityVR/Editor/UnityEditor.VR.dll (this message is harmless)
Loading /opt/Unity/Editor/Data/UnityExtensions/Unity/UnityVR/Editor/UnityEditor.VR.dll into Unity Child Domain
Non platform assembly: /opt/Unity/Editor/Data/UnityExtensions/Unity/UnityVR/RuntimeEditor/UnityEngine.VR.dll (this message is harmless)
Loading /opt/Unity/Editor/Data/UnityExtensions/Unity/UnityVR/RuntimeEditor/UnityEngine.VR.dll into Unity Child Domain
Platform assembly: /opt/Unity/Editor/Data/Managed/UnityEditor.Graphs.dll (this message is harmless)
Loading /opt/Unity/Editor/Data/Managed/UnityEditor.Graphs.dll into Unity Child Domain
Platform assembly: /opt/Unity/Editor/Data/PlaybackEngines/AndroidPlayer/UnityEditor.Android.Extensions.dll (this message is harmless)
Loading /opt/Unity/Editor/Data/PlaybackEngines/AndroidPlayer/UnityEditor.Android.Extensions.dll into Unity Child Domain
Platform assembly: /opt/Unity/Editor/Data/PlaybackEngines/iOSSupport/UnityEditor.iOS.Extensions.dll (this message is harmless)
Loading /opt/Unity/Editor/Data/PlaybackEngines/iOSSupport/UnityEditor.iOS.Extensions.dll into Unity Child Domain
Platform assembly: /opt/Unity/Editor/Data/PlaybackEngines/TizenPlayer/UnityEditor.Tizen.Extensions.dll (this message is harmless)
Loading /opt/Unity/Editor/Data/PlaybackEngines/TizenPlayer/UnityEditor.Tizen.Extensions.dll into Unity Child Domain
Platform assembly: /opt/Unity/Editor/Data/PlaybackEngines/STVPlayer/UnityEditor.SamsungTV.Extensions.dll (this message is harmless)
Loading /opt/Unity/Editor/Data/PlaybackEngines/STVPlayer/UnityEditor.SamsungTV.Extensions.dll into Unity Child Domain
Platform assembly: /opt/Unity/Editor/Data/PlaybackEngines/WebGLSupport/UnityEditor.WebGL.Extensions.dll (this message is harmless)
Loading /opt/Unity/Editor/Data/PlaybackEngines/WebGLSupport/UnityEditor.WebGL.Extensions.dll into Unity Child Domain
Platform assembly: /opt/Unity/Editor/Data/PlaybackEngines/LinuxStandaloneSupport/UnityEditor.LinuxStandalone.Extensions.dll (this message is harmless)
Loading /opt/Unity/Editor/Data/PlaybackEngines/LinuxStandaloneSupport/UnityEditor.LinuxStandalone.Extensions.dll into Unity Child Domain
Platform assembly: /opt/Unity/Editor/Data/PlaybackEngines/WindowsStandaloneSupport/UnityEditor.WindowsStandalone.Extensions.dll (this message is harmless)
Loading /opt/Unity/Editor/Data/PlaybackEngines/WindowsStandaloneSupport/UnityEditor.WindowsStandalone.Extensions.dll into Unity Child Domain
Platform assembly: /opt/Unity/Editor/Data/PlaybackEngines/MacStandaloneSupport/UnityEditor.OSXStandalone.Extensions.dll (this message is harmless)
Loading /opt/Unity/Editor/Data/PlaybackEngines/MacStandaloneSupport/UnityEditor.OSXStandalone.Extensions.dll into Unity Child Domain
Platform assembly: /opt/Unity/Editor/Data/Managed/nunit.core.interfaces.dll (this message is harmless)
Refreshing native plugins compatible for Editor in 5.19 ms, found 0 plugins.
Preloading 0 native plugins for Editor in 0.00 ms.
Platform assembly: /opt/Unity/Editor/Data/Managed/Mono.Cecil.dll (this message is harmless)
Platform assembly: /opt/Unity/Editor/Data/Mono/lib/mono/2.0/UnityScript.dll (this message is harmless)
Platform assembly: /opt/Unity/Editor/Data/Managed/Unity.SerializationLogic.dll (this message is harmless)
Platform assembly: /opt/Unity/Editor/Data/Managed/ICSharpCode.NRefactory.dll (this message is harmless)
Platform assembly: /opt/Unity/Editor/Data/Mono/lib/mono/2.0/System.Xml.Linq.dll (this message is harmless)
Platform assembly: /opt/Unity/Editor/Data/Managed/nunit.core.dll (this message is harmless)
Platform assembly: /opt/Unity/Editor/Data/PlaybackEngines/iOSSupport/UnityEditor.iOS.Extensions.Common.dll (this message is harmless)
Mono: successfully reloaded assembly
- Completed reload, in  0.615 seconds
Registering platform support modules:
Platform assembly: /opt/Unity/Editor/Data/Mono/lib/mono/2.0/Boo.Lang.Compiler.dll (this message is harmless)
Platform assembly: /opt/Unity/Editor/Data/Mono/lib/mono/2.0/Boo.Lang.dll (this message is harmless)
Platform assembly: /opt/Unity/Editor/Data/Mono/lib/mono/2.0/Boo.Lang.Parser.dll (this message is harmless)
Platform assembly: /opt/Unity/Editor/Data/Mono/lib/mono/2.0/UnityScript.Lang.dll (this message is harmless)
Platform assembly: /opt/Unity/Editor/Data/Mono/lib/mono/2.0/Mono.Security.dll (this message is harmless)
Registered platform support modules in: 0.0945074s.
Native extension for OSXStandalone target not found
Native extension for WindowsStandalone target not found
Native extension for LinuxStandalone target not found
Native extension for WebGL target not found
Native extension for SamsungTV target not found
Native extension for Tizen target not found
Loading native library: UnityEditor.iOS.Native at /opt/Unity/Editor/Data/PlaybackEngines/iOSSupport/UnityEditor.iOS.Native.so
[usbmuxd] Start listen thread
[usbmuxd] Listen thread started
Native extension for iOS target not found
Native extension for Android target not found
Downloading http://update.unity3d.com/5.5/ivy.xml to /tmp/unity/9fe231af-5613-4f59-8823-5a37785c126a/ivy.xml
Reloading assemblies after script compilation.
Begin MonoManager ReloadAssembly
Shutting down Remote Indexer
Platform assembly: /opt/Unity/Editor/Data/Managed/UnityEngine.dll (this message is harmless)
Platform assembly: /opt/Unity/Editor/Data/Managed/UnityEditor.dll (this message is harmless)
Platform assembly: /opt/Unity/Editor/Data/Managed/Unity.Locator.dll (this message is harmless)
Registering custom dll's ...
Register platform support module: /opt/Unity/Editor/Data/PlaybackEngines/AndroidPlayer/UnityEditor.Android.Extensions.dll
Register platform support module: /opt/Unity/Editor/Data/PlaybackEngines/iOSSupport/UnityEditor.iOS.Extensions.dll
Register platform support module: /opt/Unity/Editor/Data/PlaybackEngines/TizenPlayer/UnityEditor.Tizen.Extensions.dll
Register platform support module: /opt/Unity/Editor/Data/PlaybackEngines/STVPlayer/UnityEditor.SamsungTV.Extensions.dll
Register platform support module: /opt/Unity/Editor/Data/PlaybackEngines/WebGLSupport/UnityEditor.WebGL.Extensions.dll
Register platform support module: /opt/Unity/Editor/Data/PlaybackEngines/LinuxStandaloneSupport/UnityEditor.LinuxStandalone.Extensions.dll
Register platform support module: /opt/Unity/Editor/Data/PlaybackEngines/WindowsStandaloneSupport/UnityEditor.WindowsStandalone.Extensions.dll
Register platform support module: /opt/Unity/Editor/Data/PlaybackEngines/MacStandaloneSupport/UnityEditor.OSXStandalone.Extensions.dll
Platform assembly: /opt/Unity/Editor/Data/Mono/lib/mono/2.0/System.Core.dll (this message is harmless)
Registered in 0.005226 seconds.
Non platform assembly: /home/sjors/code/unity/test/Library/ScriptAssemblies/Assembly-CSharp.dll (this message is harmless)
Loading /home/sjors/code/unity/test/Library/ScriptAssemblies/Assembly-CSharp.dll into Unity Child Domain
Platform assembly: /opt/Unity/Editor/Data/PackageManager/Unity/PackageManager/5.5.0/Unity.PackageManager.dll (this message is harmless)
Loading /opt/Unity/Editor/Data/PackageManager/Unity/PackageManager/5.5.0/Unity.PackageManager.dll into Unity Child Domain
Non platform assembly: /opt/Unity/Editor/Data/UnityExtensions/Unity/Advertisements/UnityEngine.Advertisements.dll (this message is harmless)
Loading /opt/Unity/Editor/Data/UnityExtensions/Unity/Advertisements/UnityEngine.Advertisements.dll into Unity Child Domain
Non platform assembly: /opt/Unity/Editor/Data/UnityExtensions/Unity/Advertisements/Editor/UnityEditor.Advertisements.dll (this message is harmless)
Loading /opt/Unity/Editor/Data/UnityExtensions/Unity/Advertisements/Editor/UnityEditor.Advertisements.dll into Unity Child Domain
Non platform assembly: /opt/Unity/Editor/Data/UnityExtensions/Unity/EditorTestsRunner/Editor/nunit.framework.dll (this message is harmless)
Loading /opt/Unity/Editor/Data/UnityExtensions/Unity/EditorTestsRunner/Editor/nunit.framework.dll into Unity Child Domain
Non platform assembly: /opt/Unity/Editor/Data/UnityExtensions/Unity/EditorTestsRunner/Editor/UnityEditor.EditorTestsRunner.dll (this message is harmless)
Loading /opt/Unity/Editor/Data/UnityExtensions/Unity/EditorTestsRunner/Editor/UnityEditor.EditorTestsRunner.dll into Unity Child Domain
Non platform assembly: /opt/Unity/Editor/Data/UnityExtensions/Unity/GUISystem/UnityEngine.UI.dll (this message is harmless)
Loading /opt/Unity/Editor/Data/UnityExtensions/Unity/GUISystem/UnityEngine.UI.dll into Unity Child Domain
Non platform assembly: /opt/Unity/Editor/Data/UnityExtensions/Unity/GUISystem/Editor/UnityEditor.UI.dll (this message is harmless)
Loading /opt/Unity/Editor/Data/UnityExtensions/Unity/GUISystem/Editor/UnityEditor.UI.dll into Unity Child Domain
Non platform assembly: /opt/Unity/Editor/Data/UnityExtensions/Unity/Networking/UnityEngine.Networking.dll (this message is harmless)
Loading /opt/Unity/Editor/Data/UnityExtensions/Unity/Networking/UnityEngine.Networking.dll into Unity Child Domain
Non platform assembly: /opt/Unity/Editor/Data/UnityExtensions/Unity/Networking/Editor/UnityEditor.Networking.dll (this message is harmless)
Loading /opt/Unity/Editor/Data/UnityExtensions/Unity/Networking/Editor/UnityEditor.Networking.dll into Unity Child Domain
Non platform assembly: /opt/Unity/Editor/Data/UnityExtensions/Unity/PlaymodeTestsRunner/Editor/UnityEditor.PlaymodeTestsRunner.dll (this message is harmless)
Loading /opt/Unity/Editor/Data/UnityExtensions/Unity/PlaymodeTestsRunner/Editor/UnityEditor.PlaymodeTestsRunner.dll into Unity Child Domain
Non platform assembly: /opt/Unity/Editor/Data/UnityExtensions/Unity/PlaymodeTestsRunner/UnityEngine.PlaymodeTestsRunner.dll (this message is harmless)
Loading /opt/Unity/Editor/Data/UnityExtensions/Unity/PlaymodeTestsRunner/UnityEngine.PlaymodeTestsRunner.dll into Unity Child Domain
Non platform assembly: /opt/Unity/Editor/Data/UnityExtensions/Unity/TreeEditor/Editor/UnityEditor.TreeEditor.dll (this message is harmless)
Loading /opt/Unity/Editor/Data/UnityExtensions/Unity/TreeEditor/Editor/UnityEditor.TreeEditor.dll into Unity Child Domain
Non platform assembly: /opt/Unity/Editor/Data/UnityExtensions/Unity/UnityAnalytics/UnityEngine.Analytics.dll (this message is harmless)
Loading /opt/Unity/Editor/Data/UnityExtensions/Unity/UnityAnalytics/UnityEngine.Analytics.dll into Unity Child Domain
Non platform assembly: /opt/Unity/Editor/Data/UnityExtensions/Unity/UnityAnalytics/Editor/UnityEditor.Analytics.dll (this message is harmless)
Loading /opt/Unity/Editor/Data/UnityExtensions/Unity/UnityAnalytics/Editor/UnityEditor.Analytics.dll into Unity Child Domain
Non platform assembly: /opt/Unity/Editor/Data/UnityExtensions/Unity/UnityHoloLens/Editor/UnityEditor.HoloLens.dll (this message is harmless)
Loading /opt/Unity/Editor/Data/UnityExtensions/Unity/UnityHoloLens/Editor/UnityEditor.HoloLens.dll into Unity Child Domain
Non platform assembly: /opt/Unity/Editor/Data/UnityExtensions/Unity/UnityHoloLens/RuntimeEditor/UnityEngine.HoloLens.dll (this message is harmless)
Loading /opt/Unity/Editor/Data/UnityExtensions/Unity/UnityHoloLens/RuntimeEditor/UnityEngine.HoloLens.dll into Unity Child Domain
Non platform assembly: /opt/Unity/Editor/Data/UnityExtensions/Unity/UnityPurchasing/UnityEngine.Purchasing.dll (this message is harmless)
Loading /opt/Unity/Editor/Data/UnityExtensions/Unity/UnityPurchasing/UnityEngine.Purchasing.dll into Unity Child Domain
Non platform assembly: /opt/Unity/Editor/Data/UnityExtensions/Unity/UnityVR/Editor/UnityEditor.VR.dll (this message is harmless)
Loading /opt/Unity/Editor/Data/UnityExtensions/Unity/UnityVR/Editor/UnityEditor.VR.dll into Unity Child Domain
Non platform assembly: /opt/Unity/Editor/Data/UnityExtensions/Unity/UnityVR/RuntimeEditor/UnityEngine.VR.dll (this message is harmless)
Loading /opt/Unity/Editor/Data/UnityExtensions/Unity/UnityVR/RuntimeEditor/UnityEngine.VR.dll into Unity Child Domain
Platform assembly: /opt/Unity/Editor/Data/Managed/UnityEditor.Graphs.dll (this message is harmless)
Loading /opt/Unity/Editor/Data/Managed/UnityEditor.Graphs.dll into Unity Child Domain
Platform assembly: /opt/Unity/Editor/Data/PlaybackEngines/AndroidPlayer/UnityEditor.Android.Extensions.dll (this message is harmless)
Loading /opt/Unity/Editor/Data/PlaybackEngines/AndroidPlayer/UnityEditor.Android.Extensions.dll into Unity Child Domain
Platform assembly: /opt/Unity/Editor/Data/PlaybackEngines/iOSSupport/UnityEditor.iOS.Extensions.dll (this message is harmless)
Loading /opt/Unity/Editor/Data/PlaybackEngines/iOSSupport/UnityEditor.iOS.Extensions.dll into Unity Child Domain
Platform assembly: /opt/Unity/Editor/Data/PlaybackEngines/TizenPlayer/UnityEditor.Tizen.Extensions.dll (this message is harmless)
Loading /opt/Unity/Editor/Data/PlaybackEngines/TizenPlayer/UnityEditor.Tizen.Extensions.dll into Unity Child Domain
Platform assembly: /opt/Unity/Editor/Data/PlaybackEngines/STVPlayer/UnityEditor.SamsungTV.Extensions.dll (this message is harmless)
Loading /opt/Unity/Editor/Data/PlaybackEngines/STVPlayer/UnityEditor.SamsungTV.Extensions.dll into Unity Child Domain
Platform assembly: /opt/Unity/Editor/Data/PlaybackEngines/WebGLSupport/UnityEditor.WebGL.Extensions.dll (this message is harmless)
Loading /opt/Unity/Editor/Data/PlaybackEngines/WebGLSupport/UnityEditor.WebGL.Extensions.dll into Unity Child Domain
Platform assembly: /opt/Unity/Editor/Data/PlaybackEngines/LinuxStandaloneSupport/UnityEditor.LinuxStandalone.Extensions.dll (this message is harmless)
Loading /opt/Unity/Editor/Data/PlaybackEngines/LinuxStandaloneSupport/UnityEditor.LinuxStandalone.Extensions.dll into Unity Child Domain
Platform assembly: /opt/Unity/Editor/Data/PlaybackEngines/WindowsStandaloneSupport/UnityEditor.WindowsStandalone.Extensions.dll (this message is harmless)
Loading /opt/Unity/Editor/Data/PlaybackEngines/WindowsStandaloneSupport/UnityEditor.WindowsStandalone.Extensions.dll into Unity Child Domain
Platform assembly: /opt/Unity/Editor/Data/PlaybackEngines/MacStandaloneSupport/UnityEditor.OSXStandalone.Extensions.dll (this message is harmless)
Loading /opt/Unity/Editor/Data/PlaybackEngines/MacStandaloneSupport/UnityEditor.OSXStandalone.Extensions.dll into Unity Child Domain
Platform assembly: /opt/Unity/Editor/Data/PlaybackEngines/iOSSupport/UnityEditor.iOS.Extensions.Xcode.dll (this message is harmless)
Loading /opt/Unity/Editor/Data/PlaybackEngines/iOSSupport/UnityEditor.iOS.Extensions.Xcode.dll into Unity Child Domain
Platform assembly: /opt/Unity/Editor/Data/PlaybackEngines/iOSSupport/UnityEditor.iOS.Extensions.Common.dll (this message is harmless)
Loading /opt/Unity/Editor/Data/PlaybackEngines/iOSSupport/UnityEditor.iOS.Extensions.Common.dll into Unity Child Domain
Platform assembly: /opt/Unity/Editor/Data/Managed/nunit.core.interfaces.dll (this message is harmless)
Refreshing native plugins compatible for Editor in 0.27 ms, found 0 plugins.
Preloading 0 native plugins for Editor in 0.00 ms.
Platform assembly: /opt/Unity/Editor/Data/Managed/Unity.DataContract.dll (this message is harmless)
Platform assembly: /opt/Unity/Editor/Data/Managed/Mono.Cecil.dll (this message is harmless)
Platform assembly: /opt/Unity/Editor/Data/Mono/lib/mono/2.0/UnityScript.dll (this message is harmless)
Platform assembly: /opt/Unity/Editor/Data/Managed/Unity.SerializationLogic.dll (this message is harmless)
Platform assembly: /opt/Unity/Editor/Data/Managed/ICSharpCode.NRefactory.dll (this message is harmless)
Platform assembly: /opt/Unity/Editor/Data/Mono/lib/mono/2.0/System.Xml.Linq.dll (this message is harmless)
Platform assembly: /opt/Unity/Editor/Data/Managed/Unity.IvyParser.dll (this message is harmless)
Platform assembly: /opt/Unity/Editor/Data/Managed/nunit.core.dll (this message is harmless)
Mono: successfully reloaded assembly
- Completed reload, in  0.362 seconds
Initializing Unity.PackageManager (PackageManager) v5.5.0 for Unity v5.5.0xp1Linux
Setting Android v5.5.0 for Unity v5.5.0xp1Linux to /opt/Unity/Editor/Data/PlaybackEngines/AndroidPlayer
Setting StandaloneLinux v5.5.0 for Unity v5.5.0xp1Linux to /opt/Unity/Editor/Data/PlaybackEngines/LinuxStandaloneSupport
Setting StandaloneOSXIntel v5.5.0 for Unity v5.5.0xp1Linux to /opt/Unity/Editor/Data/PlaybackEngines/MacStandaloneSupport
Setting SamsungTV v5.5.0 for Unity v5.5.0xp1Linux to /opt/Unity/Editor/Data/PlaybackEngines/STVPlayer
Setting Tizen v5.5.0 for Unity v5.5.0xp1Linux to /opt/Unity/Editor/Data/PlaybackEngines/TizenPlayer
Setting WebGL v5.5.0 for Unity v5.5.0xp1Linux to /opt/Unity/Editor/Data/PlaybackEngines/WebGLSupport
Setting StandaloneWindows v5.5.0 for Unity v5.5.0xp1Linux to /opt/Unity/Editor/Data/PlaybackEngines/WindowsStandaloneSupport
Setting iPhone v5.5.0 for Unity v5.5.0xp1Linux to /opt/Unity/Editor/Data/PlaybackEngines/iOSSupport
Setting Advertisements v5.5.0 for Unity v5.5.0xp1Linux to /opt/Unity/Editor/Data/UnityExtensions/Unity/Advertisements
  UnityEngine.Advertisements.dll (Extension) GUID: 739bbd9f364b4268874f9fd86ab3beef
  Editor/UnityEditor.Advertisements.dll (Extension) GUID: 97decbdab0634cdd991f8d23ddf0dead
Setting EditorTestsRunner v5.5.0 for Unity v5.5.0xp1Linux to /opt/Unity/Editor/Data/UnityExtensions/Unity/EditorTestsRunner
  Editor/nunit.framework.dll (Extension) GUID: 7cbab2be89b54486bbd23a6fe637d30e
  Editor/UnityEditor.EditorTestsRunner.dll (Extension) GUID: 3c0ad459c1534645b5d603b7cc258f97
Setting GUISystem v5.5.0 for Unity v5.5.0xp1Linux to /opt/Unity/Editor/Data/UnityExtensions/Unity/GUISystem
  UnityEngine.UI.dll (Extension) GUID: f5f67c52d1564df4a8936ccd202a3bd8
  Standalone/UnityEngine.UI.dll (Extension) GUID: f70555f144d8491a825f0804e09c671c
  Editor/UnityEditor.UI.dll (Extension) GUID: 80a3616ca19596e4da0f10f14d241e9f
Setting UNetHLAPI v5.5.0 for Unity v5.5.0xp1Linux to /opt/Unity/Editor/Data/UnityExtensions/Unity/Networking
  UnityEngine.Networking.dll (Extension) GUID: 870353891bb340e2b2a9c8707e7419ba
  Standalone/UnityEngine.Networking.dll (Extension) GUID: dc443db3e92b4983b9738c1131f555cb
  Editor/UnityEditor.Networking.dll (Extension) GUID: 5f32cd94baa94578a686d4b9d6b660f7
Setting PlaymodeTestsRunner v5.5.0 for Unity v5.5.0xp1Linux to /opt/Unity/Editor/Data/UnityExtensions/Unity/PlaymodeTestsRunner
  Editor/UnityEditor.PlaymodeTestsRunner.dll (Extension) GUID: 4113173d5e95493ab8765d7b08371de4
  UnityEngine.PlaymodeTestsRunner.dll (Extension) GUID: 53ebcfaa2e1e4e2dbc85882cd5a73fa1
Setting TreeEditor v5.5.0 for Unity v5.5.0xp1Linux to /opt/Unity/Editor/Data/UnityExtensions/Unity/TreeEditor
  Editor/UnityEditor.TreeEditor.dll (Extension) GUID: adebbd281f1a4ef3a30be7f21937e02f
Setting UnityAnalytics v5.5.0 for Unity v5.5.0xp1Linux to /opt/Unity/Editor/Data/UnityExtensions/Unity/UnityAnalytics
  UnityEngine.Analytics.dll (Extension) GUID: 852E56802EB941638ACBB491814497B0
  Editor/UnityEditor.Analytics.dll (Extension) GUID: 86f4de9468454445ac2f39e207fafa3a
Setting UnityHoloLens v5.5.0 for Unity v5.5.0xp1Linux to /opt/Unity/Editor/Data/UnityExtensions/Unity/UnityHoloLens
  Editor/UnityEditor.HoloLens.dll (Extension) GUID: 12fd8a0055b84bb59e84c9835a37e333
  Runtime/UnityEngine.HoloLens.dll (Extension) GUID: f7b54ff4a43d4fcf81b4538b678e0bcc
  RuntimeEditor/UnityEngine.HoloLens.dll (Extension) GUID: 1c6d1fbb51834b64847b1b73a75bfc77
Setting UnityPurchasing v5.5.0 for Unity v5.5.0xp1Linux to /opt/Unity/Editor/Data/UnityExtensions/Unity/UnityPurchasing
  UnityEngine.Purchasing.dll (Extension) GUID: 8E0CD8ED44D4412CBE0642067ABC9E44
Setting UnityVR v5.5.0 for Unity v5.5.0xp1Linux to /opt/Unity/Editor/Data/UnityExtensions/Unity/UnityVR
  Editor/UnityEditor.VR.dll (Extension) GUID: 4ba2329b63d54f0187bcaa12486b1b0f
  Runtime/UnityEngine.VR.dll (Extension) GUID: 6cdf1e5c78d14720aaadccd4C792df96
  RuntimeEditor/UnityEngine.VR.dll (Extension) GUID: 307433eba81a469ab1e2084d52d1a5a2
Registering platform support modules:
Platform assembly: /opt/Unity/Editor/Data/Mono/lib/mono/2.0/Boo.Lang.Compiler.dll (this message is harmless)
Platform assembly: /opt/Unity/Editor/Data/Mono/lib/mono/2.0/Boo.Lang.dll (this message is harmless)
Platform assembly: /opt/Unity/Editor/Data/Mono/lib/mono/2.0/Boo.Lang.Parser.dll (this message is harmless)
Platform assembly: /opt/Unity/Editor/Data/Mono/lib/mono/2.0/UnityScript.Lang.dll (this message is harmless)
Registered platform support modules in: 0.0452748s.
Native extension for OSXStandalone target not found
Native extension for WindowsStandalone target not found
Native extension for LinuxStandalone target not found
Native extension for WebGL target not found
Native extension for SamsungTV target not found
Native extension for Tizen target not found
Native extension for iOS target not found
Native extension for Android target not found
Validating Project structure ... 0.000456 seconds.
Refresh: detecting if any assets need to be imported or removed ... Refresh: elapses 0.031153 seconds
Updating Library/BuildPlayer.prefs - GUID: 00000000000000005000000000000000...
 done. [Time: 43.490997 ms] 
Refreshing native plugins compatible for Editor in 0.26 ms, found 0 plugins.
Preloading 0 native plugins for Editor in 0.00 ms.

----- Total AssetImport time: 0.101814s, AssetImport time: 0.070333s, Asset hashing: 0.000000s [0 B, 0.000000 mb/s]

Warming cache for 50 main assets: 0.000137 seconds elapsed
Initializing Unity extensions:
 '/opt/Unity/Editor/Data/UnityExtensions/Unity/UnityHoloLens/Editor/UnityEditor.HoloLens.dll'  GUID: 12fd8a0055b84bb59e84c9835a37e333
 '/opt/Unity/Editor/Data/UnityExtensions/Unity/UnityAnalytics/UnityEngine.Analytics.dll'  GUID: 852e56802eb941638acbb491814497b0
 '/opt/Unity/Editor/Data/UnityExtensions/Unity/GUISystem/Standalone/UnityEngine.UI.dll'  GUID: f70555f144d8491a825f0804e09c671c
 '/opt/Unity/Editor/Data/UnityExtensions/Unity/GUISystem/UnityEngine.UI.dll'  GUID: f5f67c52d1564df4a8936ccd202a3bd8
 '/opt/Unity/Editor/Data/UnityExtensions/Unity/Networking/Standalone/UnityEngine.Networking.dll'  GUID: dc443db3e92b4983b9738c1131f555cb
 '/opt/Unity/Editor/Data/UnityExtensions/Unity/Networking/Editor/UnityEditor.Networking.dll'  GUID: 5f32cd94baa94578a686d4b9d6b660f7
 '/opt/Unity/Editor/Data/UnityExtensions/Unity/UnityAnalytics/Editor/UnityEditor.Analytics.dll'  GUID: 86f4de9468454445ac2f39e207fafa3a
 '/opt/Unity/Editor/Data/UnityExtensions/Unity/UnityHoloLens/Runtime/UnityEngine.HoloLens.dll'  GUID: f7b54ff4a43d4fcf81b4538b678e0bcc
 '/opt/Unity/Editor/Data/UnityExtensions/Unity/TreeEditor/Editor/UnityEditor.TreeEditor.dll'  GUID: adebbd281f1a4ef3a30be7f21937e02f
 '/opt/Unity/Editor/Data/UnityExtensions/Unity/EditorTestsRunner/Editor/UnityEditor.EditorTestsRunner.dll'  GUID: 3c0ad459c1534645b5d603b7cc258f97
 '/opt/Unity/Editor/Data/UnityExtensions/Unity/Networking/UnityEngine.Networking.dll'  GUID: 870353891bb340e2b2a9c8707e7419ba
 '/opt/Unity/Editor/Data/UnityExtensions/Unity/PlaymodeTestsRunner/UnityEngine.PlaymodeTestsRunner.dll'  GUID: 53ebcfaa2e1e4e2dbc85882cd5a73fa1
 '/opt/Unity/Editor/Data/UnityExtensions/Unity/Advertisements/Editor/UnityEditor.Advertisements.dll'  GUID: 97decbdab0634cdd991f8d23ddf0dead
 '/opt/Unity/Editor/Data/UnityExtensions/Unity/UnityVR/Editor/UnityEditor.VR.dll'  GUID: 4ba2329b63d54f0187bcaa12486b1b0f
 '/opt/Unity/Editor/Data/UnityExtensions/Unity/UnityHoloLens/RuntimeEditor/UnityEngine.HoloLens.dll'  GUID: 1c6d1fbb51834b64847b1b73a75bfc77
 '/opt/Unity/Editor/Data/UnityExtensions/Unity/UnityVR/RuntimeEditor/UnityEngine.VR.dll'  GUID: 307433eba81a469ab1e2084d52d1a5a2
 '/opt/Unity/Editor/Data/UnityExtensions/Unity/UnityVR/Runtime/UnityEngine.VR.dll'  GUID: 6cdf1e5c78d14720aaadccd4c792df96
 '/opt/Unity/Editor/Data/UnityExtensions/Unity/GUISystem/Editor/UnityEditor.UI.dll'  GUID: 80a3616ca19596e4da0f10f14d241e9f
 '/opt/Unity/Editor/Data/UnityExtensions/Unity/PlaymodeTestsRunner/Editor/UnityEditor.PlaymodeTestsRunner.dll'  GUID: 4113173d5e95493ab8765d7b08371de4
 '/opt/Unity/Editor/Data/UnityExtensions/Unity/UnityPurchasing/UnityEngine.Purchasing.dll'  GUID: 8e0cd8ed44d4412cbe0642067abc9e44
 '/opt/Unity/Editor/Data/UnityExtensions/Unity/EditorTestsRunner/Editor/nunit.framework.dll'  GUID: 7cbab2be89b54486bbd23a6fe637d30e
 '/opt/Unity/Editor/Data/UnityExtensions/Unity/Advertisements/UnityEngine.Advertisements.dll'  GUID: 739bbd9f364b4268874f9fd86ab3beef
requesting resize 852 x 441
resizing window to 852 x 441
Desktop is 1920 x 1080 @ 60 Hz
requesting resize 852 x 441
resizing window to 852 x 441
Desktop is 1920 x 1080 @ 60 Hz
requesting resize 852 x 441
resizing window to 852 x 441
Desktop is 1920 x 1080 @ 60 Hz
Unloading 74 Unused Serialized files (Serialized files now loaded: 0)
System memory in use before: 11.4 MB.
System memory in use after: 11.4 MB.

Unloading 48 unused Assets to reduce memory usage. Loaded Objects now: 615.
Total: 2.116000 ms (FindLiveObjects: 0.133000 ms CreateObjectMapping: 0.022000 ms MarkObjects: 1.848000 ms  DeleteObjects: 0.112000 ms)

Launched and connected shader compiler UnityShaderCompiler after 0.06 seconds
Using libudev for joystick management


Importing game controller configs
Refresh: detecting if any assets need to be imported or removed ... Refresh: elapses 0.000274 seconds (Nothing changed)
Issue TrimJob to reduce GI Cache size to maximum 10GB at: '/home/sjors/.cache/unity3d/GiCache'
[00:00:00] Enlighten: Precompute started.
[0208/114700:ERROR:browser_main_loop.cc(207)] GLib-GObject: invalid cast from 'GtkDrawingArea' to 'GtkDialog'
[0208/114700:ERROR:browser_main_loop.cc(207)] Gtk: IA__gtk_dialog_get_content_area: assertion 'GTK_IS_DIALOG (dialog)' failed
[0208/114700:ERROR:renderer_main.cc(227)] Running without renderer sandbox
TrimDiskCacheJob: Current cache size 0mb
[00:00:01] Enlighten: Finished 1 Layout Systems job (0.00s execute, 0.00s integrate, 0.25s wallclock)
UPID Received 'ef940240-9f72-4147-a2e4-4991dfc9cfed'.
[00:00:01] Enlighten: Finished 1 Tetrahedralize Probes job (0.00s execute, 0.00s integrate, 0.25s wallclock)
[00:00:01] Enlighten: Precompute took 0.499989 seconds.
Enlighten scene contents:   0 geometries.   0 instances.   0 systems.   0 probe groups.   0 cube maps. Scene is up-to-date.
Setting up 1 worker threads for Enlighten.
  Thread -> id: 7f401270b700 -> priority: 1 
Ignoring '/opt/Unity/Editor/Data/UnityExtensions/Unity/Advertisements/UnityEngine.Advertisements.dll' because we're compiling for Editor
Ignoring '/opt/Unity/Editor/Data/UnityExtensions/Unity/GUISystem/Standalone/UnityEngine.UI.dll' because we're compiling for Editor
Ignoring '/opt/Unity/Editor/Data/UnityExtensions/Unity/Networking/Standalone/UnityEngine.Networking.dll' because we're compiling for Editor
Ignoring '/opt/Unity/Editor/Data/UnityExtensions/Unity/UnityHoloLens/Runtime/UnityEngine.HoloLens.dll' because we're compiling for Editor
Ignoring '/opt/Unity/Editor/Data/UnityExtensions/Unity/UnityPurchasing/UnityEngine.Purchasing.dll' because we're compiling for Editor
Ignoring '/opt/Unity/Editor/Data/UnityExtensions/Unity/UnityVR/Runtime/UnityEngine.VR.dll' because we're compiling for Editor
Ignoring '/opt/Unity/Editor/Data/UnityExtensions/Unity/Advertisements/UnityEngine.Advertisements.dll' because we're compiling for Editor
Ignoring '/opt/Unity/Editor/Data/UnityExtensions/Unity/GUISystem/Standalone/UnityEngine.UI.dll' because we're compiling for Editor
Ignoring '/opt/Unity/Editor/Data/UnityExtensions/Unity/Networking/Standalone/UnityEngine.Networking.dll' because we're compiling for Editor
Ignoring '/opt/Unity/Editor/Data/UnityExtensions/Unity/UnityHoloLens/Runtime/UnityEngine.HoloLens.dll' because we're compiling for Editor
Ignoring '/opt/Unity/Editor/Data/UnityExtensions/Unity/UnityPurchasing/UnityEngine.Purchasing.dll' because we're compiling for Editor
Ignoring '/opt/Unity/Editor/Data/UnityExtensions/Unity/UnityVR/Runtime/UnityEngine.VR.dll' because we're compiling for Editor
- starting compile Library/ScriptAssemblies/Assembly-CSharp.dll, for buildtarget 24
Refresh: detecting if any assets need to be imported or removed ... Refresh: elapses 0.000277 seconds (Nothing changed)
Ignoring '/opt/Unity/Editor/Data/UnityExtensions/Unity/Advertisements/UnityEngine.Advertisements.dll' because we're compiling for Editor
Ignoring '/opt/Unity/Editor/Data/UnityExtensions/Unity/GUISystem/Standalone/UnityEngine.UI.dll' because we're compiling for Editor
Ignoring '/opt/Unity/Editor/Data/UnityExtensions/Unity/Networking/Standalone/UnityEngine.Networking.dll' because we're compiling for Editor
Ignoring '/opt/Unity/Editor/Data/UnityExtensions/Unity/UnityHoloLens/Runtime/UnityEngine.HoloLens.dll' because we're compiling for Editor
Ignoring '/opt/Unity/Editor/Data/UnityExtensions/Unity/UnityPurchasing/UnityEngine.Purchasing.dll' because we're compiling for Editor
Ignoring '/opt/Unity/Editor/Data/UnityExtensions/Unity/UnityVR/Runtime/UnityEngine.VR.dll' because we're compiling for Editor
- Finished compile Library/ScriptAssemblies/Assembly-CSharp.dll
WeaveUnetFromEditor Temp/Assembly-CSharp.dll
Platform assembly: /opt/Unity/Editor/Data/Managed/Unity.UNetWeaver.dll (this message is harmless)
Ignoring '/opt/Unity/Editor/Data/UnityExtensions/Unity/Advertisements/UnityEngine.Advertisements.dll' because we're compiling for Editor
Ignoring '/opt/Unity/Editor/Data/UnityExtensions/Unity/GUISystem/Standalone/UnityEngine.UI.dll' because we're compiling for Editor
Ignoring '/opt/Unity/Editor/Data/UnityExtensions/Unity/Networking/Standalone/UnityEngine.Networking.dll' because we're compiling for Editor
Ignoring '/opt/Unity/Editor/Data/UnityExtensions/Unity/UnityHoloLens/Runtime/UnityEngine.HoloLens.dll' because we're compiling for Editor
Ignoring '/opt/Unity/Editor/Data/UnityExtensions/Unity/UnityPurchasing/UnityEngine.Purchasing.dll' because we're compiling for Editor
Ignoring '/opt/Unity/Editor/Data/UnityExtensions/Unity/UnityVR/Runtime/UnityEngine.VR.dll' because we're compiling for Editor
WeaveAssemblies unityPath= /opt/Unity/Editor/Data/Managed/UnityEngine.dll
WeaveAssemblies unetPath= /opt/Unity/Editor/Data/UnityExtensions/Unity/Networking/UnityEngine.Networking.dll
Platform assembly: /opt/Unity/Editor/Data/Managed/Mono.Cecil.Pdb.dll (this message is harmless)
Platform assembly: /opt/Unity/Editor/Data/Managed/Mono.Cecil.Mdb.dll (this message is harmless)
Symbols will be read from Temp/Assembly-CSharp.dll.mdb
Script Module: Assembly-CSharp.dll
Pass: 0 took 10 milliseconds
Pass: 1 took 2 milliseconds
Ignoring '/opt/Unity/Editor/Data/UnityExtensions/Unity/Advertisements/UnityEngine.Advertisements.dll' because we're compiling for Editor
Ignoring '/opt/Unity/Editor/Data/UnityExtensions/Unity/GUISystem/Standalone/UnityEngine.UI.dll' because we're compiling for Editor
Ignoring '/opt/Unity/Editor/Data/UnityExtensions/Unity/Networking/Standalone/UnityEngine.Networking.dll' because we're compiling for Editor
Ignoring '/opt/Unity/Editor/Data/UnityExtensions/Unity/UnityHoloLens/Runtime/UnityEngine.HoloLens.dll' because we're compiling for Editor
Ignoring '/opt/Unity/Editor/Data/UnityExtensions/Unity/UnityPurchasing/UnityEngine.Purchasing.dll' because we're compiling for Editor
Ignoring '/opt/Unity/Editor/Data/UnityExtensions/Unity/UnityVR/Runtime/UnityEngine.VR.dll' because we're compiling for Editor
Reloading assemblies after finishing script compilation.
Begin MonoManager ReloadAssembly
Platform assembly: /opt/Unity/Editor/Data/Managed/UnityEngine.dll (this message is harmless)
Platform assembly: /opt/Unity/Editor/Data/Managed/UnityEditor.dll (this message is harmless)
Platform assembly: /opt/Unity/Editor/Data/Managed/Unity.Locator.dll (this message is harmless)
Registering custom dll's ...
Register platform support module: /opt/Unity/Editor/Data/PlaybackEngines/AndroidPlayer/UnityEditor.Android.Extensions.dll
Register platform support module: /opt/Unity/Editor/Data/PlaybackEngines/iOSSupport/UnityEditor.iOS.Extensions.dll
Register platform support module: /opt/Unity/Editor/Data/PlaybackEngines/TizenPlayer/UnityEditor.Tizen.Extensions.dll
Register platform support module: /opt/Unity/Editor/Data/PlaybackEngines/STVPlayer/UnityEditor.SamsungTV.Extensions.dll
Register platform support module: /opt/Unity/Editor/Data/PlaybackEngines/WebGLSupport/UnityEditor.WebGL.Extensions.dll
Register platform support module: /opt/Unity/Editor/Data/PlaybackEngines/LinuxStandaloneSupport/UnityEditor.LinuxStandalone.Extensions.dll
Register platform support module: /opt/Unity/Editor/Data/PlaybackEngines/WindowsStandaloneSupport/UnityEditor.WindowsStandalone.Extensions.dll
Register platform support module: /opt/Unity/Editor/Data/PlaybackEngines/MacStandaloneSupport/UnityEditor.OSXStandalone.Extensions.dll
Platform assembly: /opt/Unity/Editor/Data/Mono/lib/mono/2.0/System.Core.dll (this message is harmless)
Registered in 0.002458 seconds.
Non platform assembly: /home/sjors/code/unity/test/Library/ScriptAssemblies/Assembly-CSharp.dll (this message is harmless)
Loading /home/sjors/code/unity/test/Library/ScriptAssemblies/Assembly-CSharp.dll into Unity Child Domain
Platform assembly: /opt/Unity/Editor/Data/PackageManager/Unity/PackageManager/5.5.0/Unity.PackageManager.dll (this message is harmless)
Loading /opt/Unity/Editor/Data/PackageManager/Unity/PackageManager/5.5.0/Unity.PackageManager.dll into Unity Child Domain
Non platform assembly: /opt/Unity/Editor/Data/UnityExtensions/Unity/Advertisements/Editor/UnityEditor.Advertisements.dll (this message is harmless)
Loading /opt/Unity/Editor/Data/UnityExtensions/Unity/Advertisements/Editor/UnityEditor.Advertisements.dll into Unity Child Domain
Non platform assembly: /opt/Unity/Editor/Data/UnityExtensions/Unity/EditorTestsRunner/Editor/nunit.framework.dll (this message is harmless)
Loading /opt/Unity/Editor/Data/UnityExtensions/Unity/EditorTestsRunner/Editor/nunit.framework.dll into Unity Child Domain
Non platform assembly: /opt/Unity/Editor/Data/UnityExtensions/Unity/EditorTestsRunner/Editor/UnityEditor.EditorTestsRunner.dll (this message is harmless)
Loading /opt/Unity/Editor/Data/UnityExtensions/Unity/EditorTestsRunner/Editor/UnityEditor.EditorTestsRunner.dll into Unity Child Domain
Non platform assembly: /opt/Unity/Editor/Data/UnityExtensions/Unity/GUISystem/UnityEngine.UI.dll (this message is harmless)
Loading /opt/Unity/Editor/Data/UnityExtensions/Unity/GUISystem/UnityEngine.UI.dll into Unity Child Domain
Non platform assembly: /opt/Unity/Editor/Data/UnityExtensions/Unity/GUISystem/Editor/UnityEditor.UI.dll (this message is harmless)
Loading /opt/Unity/Editor/Data/UnityExtensions/Unity/GUISystem/Editor/UnityEditor.UI.dll into Unity Child Domain
Non platform assembly: /opt/Unity/Editor/Data/UnityExtensions/Unity/Networking/UnityEngine.Networking.dll (this message is harmless)
Loading /opt/Unity/Editor/Data/UnityExtensions/Unity/Networking/UnityEngine.Networking.dll into Unity Child Domain
Non platform assembly: /opt/Unity/Editor/Data/UnityExtensions/Unity/Networking/Editor/UnityEditor.Networking.dll (this message is harmless)
Loading /opt/Unity/Editor/Data/UnityExtensions/Unity/Networking/Editor/UnityEditor.Networking.dll into Unity Child Domain
Non platform assembly: /opt/Unity/Editor/Data/UnityExtensions/Unity/PlaymodeTestsRunner/Editor/UnityEditor.PlaymodeTestsRunner.dll (this message is harmless)
Loading /opt/Unity/Editor/Data/UnityExtensions/Unity/PlaymodeTestsRunner/Editor/UnityEditor.PlaymodeTestsRunner.dll into Unity Child Domain
Non platform assembly: /opt/Unity/Editor/Data/UnityExtensions/Unity/PlaymodeTestsRunner/UnityEngine.PlaymodeTestsRunner.dll (this message is harmless)
Loading /opt/Unity/Editor/Data/UnityExtensions/Unity/PlaymodeTestsRunner/UnityEngine.PlaymodeTestsRunner.dll into Unity Child Domain
Non platform assembly: /opt/Unity/Editor/Data/UnityExtensions/Unity/TreeEditor/Editor/UnityEditor.TreeEditor.dll (this message is harmless)
Loading /opt/Unity/Editor/Data/UnityExtensions/Unity/TreeEditor/Editor/UnityEditor.TreeEditor.dll into Unity Child Domain
Non platform assembly: /opt/Unity/Editor/Data/UnityExtensions/Unity/UnityAnalytics/UnityEngine.Analytics.dll (this message is harmless)
Loading /opt/Unity/Editor/Data/UnityExtensions/Unity/UnityAnalytics/UnityEngine.Analytics.dll into Unity Child Domain
Non platform assembly: /opt/Unity/Editor/Data/UnityExtensions/Unity/UnityAnalytics/Editor/UnityEditor.Analytics.dll (this message is harmless)
Loading /opt/Unity/Editor/Data/UnityExtensions/Unity/UnityAnalytics/Editor/UnityEditor.Analytics.dll into Unity Child Domain
Non platform assembly: /opt/Unity/Editor/Data/UnityExtensions/Unity/UnityHoloLens/Editor/UnityEditor.HoloLens.dll (this message is harmless)
Loading /opt/Unity/Editor/Data/UnityExtensions/Unity/UnityHoloLens/Editor/UnityEditor.HoloLens.dll into Unity Child Domain
Non platform assembly: /opt/Unity/Editor/Data/UnityExtensions/Unity/UnityHoloLens/RuntimeEditor/UnityEngine.HoloLens.dll (this message is harmless)
Loading /opt/Unity/Editor/Data/UnityExtensions/Unity/UnityHoloLens/RuntimeEditor/UnityEngine.HoloLens.dll into Unity Child Domain
Non platform assembly: /opt/Unity/Editor/Data/UnityExtensions/Unity/UnityVR/Editor/UnityEditor.VR.dll (this message is harmless)
Loading /opt/Unity/Editor/Data/UnityExtensions/Unity/UnityVR/Editor/UnityEditor.VR.dll into Unity Child Domain
Non platform assembly: /opt/Unity/Editor/Data/UnityExtensions/Unity/UnityVR/RuntimeEditor/UnityEngine.VR.dll (this message is harmless)
Loading /opt/Unity/Editor/Data/UnityExtensions/Unity/UnityVR/RuntimeEditor/UnityEngine.VR.dll into Unity Child Domain
Platform assembly: /opt/Unity/Editor/Data/Managed/UnityEditor.Graphs.dll (this message is harmless)
Loading /opt/Unity/Editor/Data/Managed/UnityEditor.Graphs.dll into Unity Child Domain
Platform assembly: /opt/Unity/Editor/Data/PlaybackEngines/AndroidPlayer/UnityEditor.Android.Extensions.dll (this message is harmless)
Loading /opt/Unity/Editor/Data/PlaybackEngines/AndroidPlayer/UnityEditor.Android.Extensions.dll into Unity Child Domain
Platform assembly: /opt/Unity/Editor/Data/PlaybackEngines/iOSSupport/UnityEditor.iOS.Extensions.dll (this message is harmless)
Loading /opt/Unity/Editor/Data/PlaybackEngines/iOSSupport/UnityEditor.iOS.Extensions.dll into Unity Child Domain
Platform assembly: /opt/Unity/Editor/Data/PlaybackEngines/TizenPlayer/UnityEditor.Tizen.Extensions.dll (this message is harmless)
Loading /opt/Unity/Editor/Data/PlaybackEngines/TizenPlayer/UnityEditor.Tizen.Extensions.dll into Unity Child Domain
Platform assembly: /opt/Unity/Editor/Data/PlaybackEngines/STVPlayer/UnityEditor.SamsungTV.Extensions.dll (this message is harmless)
Loading /opt/Unity/Editor/Data/PlaybackEngines/STVPlayer/UnityEditor.SamsungTV.Extensions.dll into Unity Child Domain
Platform assembly: /opt/Unity/Editor/Data/PlaybackEngines/WebGLSupport/UnityEditor.WebGL.Extensions.dll (this message is harmless)
Loading /opt/Unity/Editor/Data/PlaybackEngines/WebGLSupport/UnityEditor.WebGL.Extensions.dll into Unity Child Domain
Platform assembly: /opt/Unity/Editor/Data/PlaybackEngines/LinuxStandaloneSupport/UnityEditor.LinuxStandalone.Extensions.dll (this message is harmless)
Loading /opt/Unity/Editor/Data/PlaybackEngines/LinuxStandaloneSupport/UnityEditor.LinuxStandalone.Extensions.dll into Unity Child Domain
Platform assembly: /opt/Unity/Editor/Data/PlaybackEngines/WindowsStandaloneSupport/UnityEditor.WindowsStandalone.Extensions.dll (this message is harmless)
Loading /opt/Unity/Editor/Data/PlaybackEngines/WindowsStandaloneSupport/UnityEditor.WindowsStandalone.Extensions.dll into Unity Child Domain
Platform assembly: /opt/Unity/Editor/Data/PlaybackEngines/MacStandaloneSupport/UnityEditor.OSXStandalone.Extensions.dll (this message is harmless)
Loading /opt/Unity/Editor/Data/PlaybackEngines/MacStandaloneSupport/UnityEditor.OSXStandalone.Extensions.dll into Unity Child Domain
Platform assembly: /opt/Unity/Editor/Data/PlaybackEngines/iOSSupport/UnityEditor.iOS.Extensions.Xcode.dll (this message is harmless)
Loading /opt/Unity/Editor/Data/PlaybackEngines/iOSSupport/UnityEditor.iOS.Extensions.Xcode.dll into Unity Child Domain
Platform assembly: /opt/Unity/Editor/Data/PlaybackEngines/iOSSupport/UnityEditor.iOS.Extensions.Common.dll (this message is harmless)
Loading /opt/Unity/Editor/Data/PlaybackEngines/iOSSupport/UnityEditor.iOS.Extensions.Common.dll into Unity Child Domain
Platform assembly: /opt/Unity/Editor/Data/Managed/nunit.core.interfaces.dll (this message is harmless)
Refreshing native plugins compatible for Editor in 0.21 ms, found 0 plugins.
Preloading 0 native plugins for Editor in 0.00 ms.
Platform assembly: /opt/Unity/Editor/Data/Managed/Unity.DataContract.dll (this message is harmless)
Platform assembly: /opt/Unity/Editor/Data/Managed/Mono.Cecil.dll (this message is harmless)
Platform assembly: /opt/Unity/Editor/Data/Mono/lib/mono/2.0/UnityScript.dll (this message is harmless)
Platform assembly: /opt/Unity/Editor/Data/Managed/Unity.SerializationLogic.dll (this message is harmless)
Platform assembly: /opt/Unity/Editor/Data/Managed/ICSharpCode.NRefactory.dll (this message is harmless)
Platform assembly: /opt/Unity/Editor/Data/Mono/lib/mono/2.0/System.Xml.Linq.dll (this message is harmless)
Platform assembly: /opt/Unity/Editor/Data/Managed/Unity.IvyParser.dll (this message is harmless)
Platform assembly: /opt/Unity/Editor/Data/Managed/nunit.core.dll (this message is harmless)
Mono: successfully reloaded assembly
Refreshing native plugins compatible for Editor in 0.21 ms, found 0 plugins.
Preloading 0 native plugins for Editor in 0.00 ms.

----- Total AssetImport time: 0.038258s, AssetImport time: 0.000000s, Asset hashing: 0.000000s [0 B, 0.000000 mb/s]

- Completed reload, in  0.706 seconds
Initializing Unity.PackageManager (PackageManager) v5.5.0 for Unity v5.5.0xp1Linux
Setting Android v5.5.0 for Unity v5.5.0xp1Linux to /opt/Unity/Editor/Data/PlaybackEngines/AndroidPlayer
Setting StandaloneLinux v5.5.0 for Unity v5.5.0xp1Linux to /opt/Unity/Editor/Data/PlaybackEngines/LinuxStandaloneSupport
Setting StandaloneOSXIntel v5.5.0 for Unity v5.5.0xp1Linux to /opt/Unity/Editor/Data/PlaybackEngines/MacStandaloneSupport
Setting SamsungTV v5.5.0 for Unity v5.5.0xp1Linux to /opt/Unity/Editor/Data/PlaybackEngines/STVPlayer
Setting Tizen v5.5.0 for Unity v5.5.0xp1Linux to /opt/Unity/Editor/Data/PlaybackEngines/TizenPlayer
Setting WebGL v5.5.0 for Unity v5.5.0xp1Linux to /opt/Unity/Editor/Data/PlaybackEngines/WebGLSupport
Setting StandaloneWindows v5.5.0 for Unity v5.5.0xp1Linux to /opt/Unity/Editor/Data/PlaybackEngines/WindowsStandaloneSupport
Setting iPhone v5.5.0 for Unity v5.5.0xp1Linux to /opt/Unity/Editor/Data/PlaybackEngines/iOSSupport
Setting Advertisements v5.5.0 for Unity v5.5.0xp1Linux to /opt/Unity/Editor/Data/UnityExtensions/Unity/Advertisements
  UnityEngine.Advertisements.dll (Extension) GUID: 739bbd9f364b4268874f9fd86ab3beef
  Editor/UnityEditor.Advertisements.dll (Extension) GUID: 97decbdab0634cdd991f8d23ddf0dead
Setting EditorTestsRunner v5.5.0 for Unity v5.5.0xp1Linux to /opt/Unity/Editor/Data/UnityExtensions/Unity/EditorTestsRunner
  Editor/nunit.framework.dll (Extension) GUID: 7cbab2be89b54486bbd23a6fe637d30e
  Editor/UnityEditor.EditorTestsRunner.dll (Extension) GUID: 3c0ad459c1534645b5d603b7cc258f97
Setting GUISystem v5.5.0 for Unity v5.5.0xp1Linux to /opt/Unity/Editor/Data/UnityExtensions/Unity/GUISystem
  UnityEngine.UI.dll (Extension) GUID: f5f67c52d1564df4a8936ccd202a3bd8
  Standalone/UnityEngine.UI.dll (Extension) GUID: f70555f144d8491a825f0804e09c671c
  Editor/UnityEditor.UI.dll (Extension) GUID: 80a3616ca19596e4da0f10f14d241e9f
Setting UNetHLAPI v5.5.0 for Unity v5.5.0xp1Linux to /opt/Unity/Editor/Data/UnityExtensions/Unity/Networking
  UnityEngine.Networking.dll (Extension) GUID: 870353891bb340e2b2a9c8707e7419ba
  Standalone/UnityEngine.Networking.dll (Extension) GUID: dc443db3e92b4983b9738c1131f555cb
  Editor/UnityEditor.Networking.dll (Extension) GUID: 5f32cd94baa94578a686d4b9d6b660f7
Setting PlaymodeTestsRunner v5.5.0 for Unity v5.5.0xp1Linux to /opt/Unity/Editor/Data/UnityExtensions/Unity/PlaymodeTestsRunner
  Editor/UnityEditor.PlaymodeTestsRunner.dll (Extension) GUID: 4113173d5e95493ab8765d7b08371de4
  UnityEngine.PlaymodeTestsRunner.dll (Extension) GUID: 53ebcfaa2e1e4e2dbc85882cd5a73fa1
Setting TreeEditor v5.5.0 for Unity v5.5.0xp1Linux to /opt/Unity/Editor/Data/UnityExtensions/Unity/TreeEditor
  Editor/UnityEditor.TreeEditor.dll (Extension) GUID: adebbd281f1a4ef3a30be7f21937e02f
Setting UnityAnalytics v5.5.0 for Unity v5.5.0xp1Linux to /opt/Unity/Editor/Data/UnityExtensions/Unity/UnityAnalytics
  UnityEngine.Analytics.dll (Extension) GUID: 852E56802EB941638ACBB491814497B0
  Editor/UnityEditor.Analytics.dll (Extension) GUID: 86f4de9468454445ac2f39e207fafa3a
Setting UnityHoloLens v5.5.0 for Unity v5.5.0xp1Linux to /opt/Unity/Editor/Data/UnityExtensions/Unity/UnityHoloLens
  Editor/UnityEditor.HoloLens.dll (Extension) GUID: 12fd8a0055b84bb59e84c9835a37e333
  Runtime/UnityEngine.HoloLens.dll (Extension) GUID: f7b54ff4a43d4fcf81b4538b678e0bcc
  RuntimeEditor/UnityEngine.HoloLens.dll (Extension) GUID: 1c6d1fbb51834b64847b1b73a75bfc77
Setting UnityPurchasing v5.5.0 for Unity v5.5.0xp1Linux to /opt/Unity/Editor/Data/UnityExtensions/Unity/UnityPurchasing
  UnityEngine.Purchasing.dll (Extension) GUID: 8E0CD8ED44D4412CBE0642067ABC9E44
Setting UnityVR v5.5.0 for Unity v5.5.0xp1Linux to /opt/Unity/Editor/Data/UnityExtensions/Unity/UnityVR
  Editor/UnityEditor.VR.dll (Extension) GUID: 4ba2329b63d54f0187bcaa12486b1b0f
  Runtime/UnityEngine.VR.dll (Extension) GUID: 6cdf1e5c78d14720aaadccd4C792df96
  RuntimeEditor/UnityEngine.VR.dll (Extension) GUID: 307433eba81a469ab1e2084d52d1a5a2
Registering platform support modules:
Platform assembly: /opt/Unity/Editor/Data/Mono/lib/mono/2.0/Boo.Lang.Compiler.dll (this message is harmless)
Platform assembly: /opt/Unity/Editor/Data/Mono/lib/mono/2.0/Boo.Lang.dll (this message is harmless)
Platform assembly: /opt/Unity/Editor/Data/Mono/lib/mono/2.0/Boo.Lang.Parser.dll (this message is harmless)
Platform assembly: /opt/Unity/Editor/Data/Mono/lib/mono/2.0/UnityScript.Lang.dll (this message is harmless)
Registered platform support modules in: 0.0380753s.
Native extension for OSXStandalone target not found
Native extension for WindowsStandalone target not found
Native extension for LinuxStandalone target not found
Native extension for WebGL target not found
Native extension for SamsungTV target not found
Native extension for Tizen target not found
Native extension for iOS target not found
Native extension for Android target not found
Refresh: detecting if any assets need to be imported or removed ... Refresh: elapses 0.000308 seconds (Nothing changed)
Refresh: detecting if any assets need to be imported or removed ... Refresh: elapses 0.000273 seconds (Nothing changed)
[00:00:05] Enlighten: Bake started.
[00:00:05] Enlighten: Finished 1 Bake Runtime job (0.13s execute, 0.00s integrate, 0.25s wallclock)
[00:00:05] Enlighten: Bake took 0.249902 seconds.
Refresh: detecting if any assets need to be imported or removed ... Refresh: elapses 0.000343 seconds (Nothing changed)
[00:00:06] Enlighten: Reflection Probes started.
[00:00:06] Enlighten: Finished 1 Ambient Probes job (0.01s execute, 0.00s integrate, 0.05s wallclock)
[00:00:06] Enlighten: Finished 1 Reflection Probes job (0.00s execute, 0.00s integrate, 0.05s wallclock)
Updating Assets/New Terrain.asset - GUID: b39de0d85b6c94facaabb686d392b491...
----- Compute hash for Assets/New Terrain.asset.
 done. [Time: 11.915000 ms] 
Refreshing native plugins compatible for Editor in 0.21 ms, found 0 plugins.
Preloading 0 native plugins for Editor in 0.00 ms.

----- Total AssetImport time: 0.078699s, AssetImport time: 0.026668s, Asset hashing: 0.000000s [0 B, 0.000000 mb/s]

[00:01:54] Enlighten: Precompute started.
Unloading 5 Unused Serialized files (Serialized files now loaded: 0)
System memory in use before: 61.8 MB.
System memory in use after: 63.8 MB.

Unloading 23 unused Assets to reduce memory usage. Loaded Objects now: 2880.
Total: 6.794000 ms (FindLiveObjects: 0.539000 ms CreateObjectMapping: 0.042000 ms MarkObjects: 5.889000 ms  DeleteObjects: 0.321000 ms)

Unloading 0 Unused Serialized files (Serialized files now loaded: 0)
System memory in use before: 123.1 MB.
System memory in use after: 123.3 MB.

Unloading 0 unused Assets to reduce memory usage. Loaded Objects now: 2880.
Total: 6.288000 ms (FindLiveObjects: 0.370000 ms CreateObjectMapping: 0.033000 ms MarkObjects: 5.874000 ms  DeleteObjects: 0.009000 ms)

[00:01:54] Enlighten: Finished 4 Create Geometry jobs (3.22s execute, 0.00s integrate, 0.88s wallclock)
[00:01:56] Enlighten: Finished 1 Layout Systems job (1.38s execute, 0.00s integrate, 1.38s wallclock)
[00:01:57] Enlighten: Finished 4 Create System jobs (5.77s execute, 0.00s integrate, 1.52s wallclock)
[00:01:57] Enlighten: Finished 1 Create SystemAtlas job (0.00s execute, 0.00s integrate, 0.06s wallclock)
[0208/114906:ERROR:browser_main_loop.cc(207)] GLib-GObject: invalid cast from 'GtkDrawingArea' to 'GtkDialog'
[0208/114906:ERROR:browser_main_loop.cc(207)] Gtk: IA__gtk_dialog_get_content_area: assertion 'GTK_IS_DIALOG (dialog)' failed
Refresh: detecting if any assets need to be imported or removed ... Refresh: elapses 0.000431 seconds (Nothing changed)
[00:02:10] Enlighten: Finished 4 Clustering jobs (23.87s execute, 0.00s integrate, 12.35s wallclock)
[00:02:13] Enlighten: Finished 4 Visibility jobs (6.47s execute, 0.00s integrate, 3.43s wallclock)
[00:02:24] Enlighten: Finished 4 Light Transport jobs (21.57s execute, 0.00s integrate, 10.96s wallclock)
[00:02:24] Enlighten: Precompute took 30.631364 seconds.
Enlighten scene contents:   4 geometries.   4 instances.   4 systems.   0 probe groups.   0 cube maps. Scene is up-to-date.
/home/builduser/buildslave/unity/build/Editor/Platform/Linux/UsbDevices.cpp:UsbDevicesQuery
/home/builduser/buildslave/unity/build/Editor/Platform/Linux/UndoPlatformDependent.cpp:SetUndoMenuNamePlatformDependent
/home/builduser/buildslave/unity/build/Editor/Platform/Linux/UndoPlatformDependent.cpp:SetUndoMenuNamePlatformDependent
/home/builduser/buildslave/unity/build/Editor/Platform/Linux/UndoPlatformDependent.cpp:SetUndoMenuNamePlatformDependent
/home/builduser/buildslave/unity/build/Editor/Platform/Linux/UndoPlatformDependent.cpp:SetUndoMenuNamePlatformDependent
/home/builduser/buildslave/unity/build/Editor/Platform/Linux/UndoPlatformDependent.cpp:SetUndoMenuNamePlatformDependent
/home/builduser/buildslave/unity/build/Editor/Platform/Linux/UndoPlatformDependent.cpp:SetUndoMenuNamePlatformDependent
/home/builduser/buildslave/unity/build/Editor/Platform/Linux/UndoPlatformDependent.cpp:SetUndoMenuNamePlatformDependent
/home/builduser/buildslave/unity/build/Editor/Platform/Linux/UndoPlatformDependent.cpp:SetUndoMenuNamePlatformDependent
/home/builduser/buildslave/unity/build/Editor/Platform/Linux/UndoPlatformDependent.cpp:SetUndoMenuNamePlatformDependent
/home/builduser/buildslave/unity/build/Editor/Platform/Linux/UndoPlatformDependent.cpp:SetUndoMenuNamePlatformDependent
/home/builduser/buildslave/unity/build/Editor/Platform/Linux/UndoPlatformDependent.cpp:SetUndoMenuNamePlatformDependent
/home/builduser/buildslave/unity/build/Editor/Platform/Linux/UndoPlatformDependent.cpp:SetUndoMenuNamePlatformDependent
/home/builduser/buildslave/unity/build/Editor/Platform/Linux/UndoPlatformDependent.cpp:SetUndoMenuNamePlatformDependent
/home/builduser/buildslave/unity/build/Editor/Platform/Linux/UndoPlatformDependent.cpp:SetUndoMenuNamePlatformDependent
/home/builduser/buildslave/unity/build/Editor/Platform/Linux/UndoPlatformDependent.cpp:SetUndoMenuNamePlatformDependent
/home/builduser/buildslave/unity/build/Editor/Platform/Linux/UndoPlatformDependent.cpp:SetUndoMenuNamePlatformDependent
/home/builduser/buildslave/unity/build/Editor/Platform/Linux/UndoPlatformDependent.cpp:SetUndoMenuNamePlatformDependent
/home/builduser/buildslave/unity/build/Editor/Platform/Linux/UndoPlatformDependent.cpp:SetUndoMenuNamePlatformDependent
/home/builduser/buildslave/unity/build/Editor/Platform/Linux/UndoPlatformDependent.cpp:SetUndoMenuNamePlatformDependent
/home/builduser/buildslave/unity/build/Editor/Platform/Linux/UndoPlatformDependent.cpp:SetUndoMenuNamePlatformDependent
/home/builduser/buildslave/unity/build/Editor/Platform/Linux/UndoPlatformDependent.cpp:SetUndoMenuNamePlatformDependent
/home/builduser/buildslave/unity/build/Editor/Platform/Linux/UndoPlatformDependent.cpp:SetUndoMenuNamePlatformDependent
/home/builduser/buildslave/unity/build/Editor/Platform/Linux/UndoPlatformDependent.cpp:SetUndoMenuNamePlatformDependent
/home/builduser/buildslave/unity/build/Editor/Platform/Linux/UndoPlatformDependent.cpp:SetUndoMenuNamePlatformDependent
/home/builduser/buildslave/unity/build/Editor/Platform/Linux/UndoPlatformDependent.cpp:SetUndoMenuNamePlatformDependent
/home/builduser/buildslave/unity/build/Editor/Platform/Linux/UndoPlatformDependent.cpp:SetUndoMenuNamePlatformDependent
/home/builduser/buildslave/unity/build/Editor/Platform/Linux/UndoPlatformDependent.cpp:SetUndoMenuNamePlatformDependent
/home/builduser/buildslave/unity/build/Editor/Platform/Linux/UndoPlatformDependent.cpp:SetUndoMenuNamePlatformDependent
/home/builduser/buildslave/unity/build/Editor/Platform/Linux/UndoPlatformDependent.cpp:SetUndoMenuNamePlatformDependent
/home/builduser/buildslave/unity/build/Editor/Platform/Linux/UndoPlatformDependent.cpp:SetUndoMenuNamePlatformDependent
/home/builduser/buildslave/unity/build/Editor/Platform/Linux/UndoPlatformDependent.cpp:SetUndoMenuNamePlatformDependent
/home/builduser/buildslave/unity/build/Editor/Platform/Linux/UndoPlatformDependent.cpp:SetUndoMenuNamePlatformDependent
/home/builduser/buildslave/unity/build/Editor/Platform/Linux/UndoPlatformDependent.cpp:SetUndoMenuNamePlatformDependent
/home/builduser/buildslave/unity/build/Edito
Packing sprites:
- Grouping sprites using the selected SpritePackerPolicy.
- Packing 0 atlases.
- Packing completed.
Reloading assemblies for play mode.
Begin MonoManager ReloadAssembly
Platform assembly: /opt/Unity/Editor/Data/Managed/UnityEngine.dll (this message is harmless)
Platform assembly: /opt/Unity/Editor/Data/Managed/UnityEditor.dll (this message is harmless)
Platform assembly: /opt/Unity/Editor/Data/Managed/Unity.Locator.dll (this message is harmless)
Registering custom dll's ...
Register platform support module: /opt/Unity/Editor/Data/PlaybackEngines/AndroidPlayer/UnityEditor.Android.Extensions.dll
Register platform support module: /opt/Unity/Editor/Data/PlaybackEngines/iOSSupport/UnityEditor.iOS.Extensions.dll
Register platform support module: /opt/Unity/Editor/Data/PlaybackEngines/TizenPlayer/UnityEditor.Tizen.Extensions.dll
Register platform support module: /opt/Unity/Editor/Data/PlaybackEngines/STVPlayer/UnityEditor.SamsungTV.Extensions.dll
Register platform support module: /opt/Unity/Editor/Data/PlaybackEngines/WebGLSupport/UnityEditor.WebGL.Extensions.dll
Register platform support module: /opt/Unity/Editor/Data/PlaybackEngines/LinuxStandaloneSupport/UnityEditor.LinuxStandalone.Extensions.dll
Register platform support module: /opt/Unity/Editor/Data/PlaybackEngines/WindowsStandaloneSupport/UnityEditor.WindowsStandalone.Extensions.dll
Register platform support module: /opt/Unity/Editor/Data/PlaybackEngines/MacStandaloneSupport/UnityEditor.OSXStandalone.Extensions.dll
Platform assembly: /opt/Unity/Editor/Data/Mono/lib/mono/2.0/System.Core.dll (this message is harmless)
Registered in 0.002529 seconds.
Non platform assembly: /home/sjors/code/unity/test/Library/ScriptAssemblies/Assembly-CSharp.dll (this message is harmless)
Loading /home/sjors/code/unity/test/Library/ScriptAssemblies/Assembly-CSharp.dll into Unity Child Domain
Platform assembly: /opt/Unity/Editor/Data/PackageManager/Unity/PackageManager/5.5.0/Unity.PackageManager.dll (this message is harmless)
Loading /opt/Unity/Editor/Data/PackageManager/Unity/PackageManager/5.5.0/Unity.PackageManager.dll into Unity Child Domain
Non platform assembly: /opt/Unity/Editor/Data/UnityExtensions/Unity/Advertisements/Editor/UnityEditor.Advertisements.dll (this message is harmless)
Loading /opt/Unity/Editor/Data/UnityExtensions/Unity/Advertisements/Editor/UnityEditor.Advertisements.dll into Unity Child Domain
Non platform assembly: /opt/Unity/Editor/Data/UnityExtensions/Unity/EditorTestsRunner/Editor/nunit.framework.dll (this message is harmless)
Loading /opt/Unity/Editor/Data/UnityExtensions/Unity/EditorTestsRunner/Editor/nunit.framework.dll into Unity Child Domain
Non platform assembly: /opt/Unity/Editor/Data/UnityExtensions/Unity/EditorTestsRunner/Editor/UnityEditor.EditorTestsRunner.dll (this message is harmless)
Loading /opt/Unity/Editor/Data/UnityExtensions/Unity/EditorTestsRunner/Editor/UnityEditor.EditorTestsRunner.dll into Unity Child Domain
Non platform assembly: /opt/Unity/Editor/Data/UnityExtensions/Unity/GUISystem/UnityEngine.UI.dll (this message is harmless)
Loading /opt/Unity/Editor/Data/UnityExtensions/Unity/GUISystem/UnityEngine.UI.dll into Unity Child Domain
Non platform assembly: /opt/Unity/Editor/Data/UnityExtensions/Unity/GUISystem/Editor/UnityEditor.UI.dll (this message is harmless)
Loading /opt/Unity/Editor/Data/UnityExtensions/Unity/GUISystem/Editor/UnityEditor.UI.dll into Unity Child Domain
Non platform assembly: /opt/Unity/Editor/Data/UnityExtensions/Unity/Networking/UnityEngine.Networking.dll (this message is harmless)
Loading /opt/Unity/Editor/Data/UnityExtensions/Unity/Networking/UnityEngine.Networking.dll into Unity Child Domain
Non platform assembly: /opt/Unity/Editor/Data/UnityExtensions/Unity/Networking/Editor/UnityEditor.Networking.dll (this message is harmless)
Loading /opt/Unity/Editor/Data/UnityExtensions/Unity/Networking/Editor/UnityEditor.Networking.dll into Unity Child Domain
Non platform assembly: /opt/Unity/Editor/Data/UnityExtensions/Unity/PlaymodeTestsRunner/Editor/UnityEditor.PlaymodeTestsRunner.dll (this message is harmless)
Loading /opt/Unity/Editor/Data/UnityExtensions/Unity/PlaymodeTestsRunner/Editor/UnityEditor.PlaymodeTestsRunner.dll into Unity Child Domain
Non platform assembly: /opt/Unity/Editor/Data/UnityExtensions/Unity/PlaymodeTestsRunner/UnityEngine.PlaymodeTestsRunner.dll (this message is harmless)
Loading /opt/Unity/Editor/Data/UnityExtensions/Unity/PlaymodeTestsRunner/UnityEngine.PlaymodeTestsRunner.dll into Unity Child Domain
Non platform assembly: /opt/Unity/Editor/Data/UnityExtensions/Unity/TreeEditor/Editor/UnityEditor.TreeEditor.dll (this message is harmless)
Loading /opt/Unity/Editor/Data/UnityExtensions/Unity/TreeEditor/Editor/UnityEditor.TreeEditor.dll into Unity Child Domain
Non platform assembly: /opt/Unity/Editor/Data/UnityExtensions/Unity/UnityAnalytics/UnityEngine.Analytics.dll (this message is harmless)
Loading /opt/Unity/Editor/Data/UnityExtensions/Unity/UnityAnalytics/UnityEngine.Analytics.dll into Unity Child Domain
Non platform assembly: /opt/Unity/Editor/Data/UnityExtensions/Unity/UnityAnalytics/Editor/UnityEditor.Analytics.dll (this message is harmless)
Loading /opt/Unity/Editor/Data/UnityExtensions/Unity/UnityAnalytics/Editor/UnityEditor.Analytics.dll into Unity Child Domain
Non platform assembly: /opt/Unity/Editor/Data/UnityExtensions/Unity/UnityHoloLens/Editor/UnityEditor.HoloLens.dll (this message is harmless)
Loading /opt/Unity/Editor/Data/UnityExtensions/Unity/UnityHoloLens/Editor/UnityEditor.HoloLens.dll into Unity Child Domain
Non platform assembly: /opt/Unity/Editor/Data/UnityExtensions/Unity/UnityHoloLens/RuntimeEditor/UnityEngine.HoloLens.dll (this message is harmless)
Loading /opt/Unity/Editor/Data/UnityExtensions/Unity/UnityHoloLens/RuntimeEditor/UnityEngine.HoloLens.dll into Unity Child Domain
Non platform assembly: /opt/Unity/Editor/Data/UnityExtensions/Unity/UnityVR/Editor/UnityEditor.VR.dll (this message is harmless)
Loading /opt/Unity/Editor/Data/UnityExtensions/Unity/UnityVR/Editor/UnityEditor.VR.dll into Unity Child Domain
Non platform assembly: /opt/Unity/Editor/Data/UnityExtensions/Unity/UnityVR/RuntimeEditor/UnityEngine.VR.dll (this message is harmless)
Loading /opt/Unity/Editor/Data/UnityExtensions/Unity/UnityVR/RuntimeEditor/UnityEngine.VR.dll into Unity Child Domain
Platform assembly: /opt/Unity/Editor/Data/Managed/UnityEditor.Graphs.dll (this message is harmless)
Loading /opt/Unity/Editor/Data/Managed/UnityEditor.Graphs.dll into Unity Child Domain
Platform assembly: /opt/Unity/Editor/Data/PlaybackEngines/AndroidPlayer/UnityEditor.Android.Extensions.dll (this message is harmless)
Loading /opt/Unity/Editor/Data/PlaybackEngines/AndroidPlayer/UnityEditor.Android.Extensions.dll into Unity Child Domain
Platform assembly: /opt/Unity/Editor/Data/PlaybackEngines/iOSSupport/UnityEditor.iOS.Extensions.dll (this message is harmless)
Loading /opt/Unity/Editor/Data/PlaybackEngines/iOSSupport/UnityEditor.iOS.Extensions.dll into Unity Child Domain
Platform assembly: /opt/Unity/Editor/Data/PlaybackEngines/TizenPlayer/UnityEditor.Tizen.Extensions.dll (this message is harmless)
Loading /opt/Unity/Editor/Data/PlaybackEngines/TizenPlayer/UnityEditor.Tizen.Extensions.dll into Unity Child Domain
Platform assembly: /opt/Unity/Editor/Data/PlaybackEngines/STVPlayer/UnityEditor.SamsungTV.Extensions.dll (this message is harmless)
Loading /opt/Unity/Editor/Data/PlaybackEngines/STVPlayer/UnityEditor.SamsungTV.Extensions.dll into Unity Child Domain
Platform assembly: /opt/Unity/Editor/Data/PlaybackEngines/WebGLSupport/UnityEditor.WebGL.Extensions.dll (this message is harmless)
Loading /opt/Unity/Editor/Data/PlaybackEngines/WebGLSupport/UnityEditor.WebGL.Extensions.dll into Unity Child Domain
Platform assembly: /opt/Unity/Editor/Data/PlaybackEngines/LinuxStandaloneSupport/UnityEditor.LinuxStandalone.Extensions.dll (this message is harmless)
Loading /opt/Unity/Editor/Data/PlaybackEngines/LinuxStandaloneSupport/UnityEditor.LinuxStandalone.Extensions.dll into Unity Child Domain
Platform assembly: /opt/Unity/Editor/Data/PlaybackEngines/WindowsStandaloneSupport/UnityEditor.WindowsStandalone.Extensions.dll (this message is harmless)
Loading /opt/Unity/Editor/Data/PlaybackEngines/WindowsStandaloneSupport/UnityEditor.WindowsStandalone.Extensions.dll into Unity Child Domain
Platform assembly: /opt/Unity/Editor/Data/PlaybackEngines/MacStandaloneSupport/UnityEditor.OSXStandalone.Extensions.dll (this message is harmless)
Loading /opt/Unity/Editor/Data/PlaybackEngines/MacStandaloneSupport/UnityEditor.OSXStandalone.Extensions.dll into Unity Child Domain
Platform assembly: /opt/Unity/Editor/Data/PlaybackEngines/iOSSupport/UnityEditor.iOS.Extensions.Xcode.dll (this message is harmless)
Loading /opt/Unity/Editor/Data/PlaybackEngines/iOSSupport/UnityEditor.iOS.Extensions.Xcode.dll into Unity Child Domain
Platform assembly: /opt/Unity/Editor/Data/PlaybackEngines/iOSSupport/UnityEditor.iOS.Extensions.Common.dll (this message is harmless)
Loading /opt/Unity/Editor/Data/PlaybackEngines/iOSSupport/UnityEditor.iOS.Extensions.Common.dll into Unity Child Domain
Platform assembly: /opt/Unity/Editor/Data/Managed/nunit.core.interfaces.dll (this message is harmless)
Refreshing native plugins compatible for Editor in 0.22 ms, found 0 plugins.
Preloading 0 native plugins for Editor in 0.00 ms.
Platform assembly: /opt/Unity/Editor/Data/Managed/Unity.DataContract.dll (this message is harmless)
Platform assembly: /opt/Unity/Editor/Data/Managed/Mono.Cecil.dll (this message is harmless)
Platform assembly: /opt/Unity/Editor/Data/Mono/lib/mono/2.0/UnityScript.dll (this message is harmless)
Platform assembly: /opt/Unity/Editor/Data/Managed/Unity.SerializationLogic.dll (this message is harmless)
Platform assembly: /opt/Unity/Editor/Data/Managed/ICSharpCode.NRefactory.dll (this message is harmless)
Platform assembly: /opt/Unity/Editor/Data/Mono/lib/mono/2.0/System.Xml.Linq.dll (this message is harmless)
Platform assembly: /opt/Unity/Editor/Data/Managed/Unity.IvyParser.dll (this message is harmless)
Platform assembly: /opt/Unity/Editor/Data/Managed/nunit.core.dll (this message is harmless)
Mono: successfully reloaded assembly
- Completed reload, in  0.568 seconds
Initializing Unity.PackageManager (PackageManager) v5.5.0 for Unity v5.5.0xp1Linux
Setting Android v5.5.0 for Unity v5.5.0xp1Linux to /opt/Unity/Editor/Data/PlaybackEngines/AndroidPlayer
Setting StandaloneLinux v5.5.0 for Unity v5.5.0xp1Linux to /opt/Unity/Editor/Data/PlaybackEngines/LinuxStandaloneSupport
Setting StandaloneOSXIntel v5.5.0 for Unity v5.5.0xp1Linux to /opt/Unity/Editor/Data/PlaybackEngines/MacStandaloneSupport
Setting SamsungTV v5.5.0 for Unity v5.5.0xp1Linux to /opt/Unity/Editor/Data/PlaybackEngines/STVPlayer
Setting Tizen v5.5.0 for Unity v5.5.0xp1Linux to /opt/Unity/Editor/Data/PlaybackEngines/TizenPlayer
Setting WebGL v5.5.0 for Unity v5.5.0xp1Linux to /opt/Unity/Editor/Data/PlaybackEngines/WebGLSupport
Setting StandaloneWindows v5.5.0 for Unity v5.5.0xp1Linux to /opt/Unity/Editor/Data/PlaybackEngines/WindowsStandaloneSupport
Setting iPhone v5.5.0 for Unity v5.5.0xp1Linux to /opt/Unity/Editor/Data/PlaybackEngines/iOSSupport
Setting Advertisements v5.5.0 for Unity v5.5.0xp1Linux to /opt/Unity/Editor/Data/UnityExtensions/Unity/Advertisements
  UnityEngine.Advertisements.dll (Extension) GUID: 739bbd9f364b4268874f9fd86ab3beef
  Editor/UnityEditor.Advertisements.dll (Extension) GUID: 97decbdab0634cdd991f8d23ddf0dead
Setting EditorTestsRunner v5.5.0 for Unity v5.5.0xp1Linux to /opt/Unity/Editor/Data/UnityExtensions/Unity/EditorTestsRunner
  Editor/nunit.framework.dll (Extension) GUID: 7cbab2be89b54486bbd23a6fe637d30e
  Editor/UnityEditor.EditorTestsRunner.dll (Extension) GUID: 3c0ad459c1534645b5d603b7cc258f97
Setting GUISystem v5.5.0 for Unity v5.5.0xp1Linux to /opt/Unity/Editor/Data/UnityExtensions/Unity/GUISystem
  UnityEngine.UI.dll (Extension) GUID: f5f67c52d1564df4a8936ccd202a3bd8
  Standalone/UnityEngine.UI.dll (Extension) GUID: f70555f144d8491a825f0804e09c671c
  Editor/UnityEditor.UI.dll (Extension) GUID: 80a3616ca19596e4da0f10f14d241e9f
Setting UNetHLAPI v5.5.0 for Unity v5.5.0xp1Linux to /opt/Unity/Editor/Data/UnityExtensions/Unity/Networking
  UnityEngine.Networking.dll (Extension) GUID: 870353891bb340e2b2a9c8707e7419ba
  Standalone/UnityEngine.Networking.dll (Extension) GUID: dc443db3e92b4983b9738c1131f555cb
  Editor/UnityEditor.Networking.dll (Extension) GUID: 5f32cd94baa94578a686d4b9d6b660f7
Setting PlaymodeTestsRunner v5.5.0 for Unity v5.5.0xp1Linux to /opt/Unity/Editor/Data/UnityExtensions/Unity/PlaymodeTestsRunner
  Editor/UnityEditor.PlaymodeTestsRunner.dll (Extension) GUID: 4113173d5e95493ab8765d7b08371de4
  UnityEngine.PlaymodeTestsRunner.dll (Extension) GUID: 53ebcfaa2e1e4e2dbc85882cd5a73fa1
Setting TreeEditor v5.5.0 for Unity v5.5.0xp1Linux to /opt/Unity/Editor/Data/UnityExtensions/Unity/TreeEditor
  Editor/UnityEditor.TreeEditor.dll (Extension) GUID: adebbd281f1a4ef3a30be7f21937e02f
Setting UnityAnalytics v5.5.0 for Unity v5.5.0xp1Linux to /opt/Unity/Editor/Data/UnityExtensions/Unity/UnityAnalytics
  UnityEngine.Analytics.dll (Extension) GUID: 852E56802EB941638ACBB491814497B0
  Editor/UnityEditor.Analytics.dll (Extension) GUID: 86f4de9468454445ac2f39e207fafa3a
Setting UnityHoloLens v5.5.0 for Unity v5.5.0xp1Linux to /opt/Unity/Editor/Data/UnityExtensions/Unity/UnityHoloLens
  Editor/UnityEditor.HoloLens.dll (Extension) GUID: 12fd8a0055b84bb59e84c9835a37e333
  Runtime/UnityEngine.HoloLens.dll (Extension) GUID: f7b54ff4a43d4fcf81b4538b678e0bcc
  RuntimeEditor/UnityEngine.HoloLens.dll (Extension) GUID: 1c6d1fbb51834b64847b1b73a75bfc77
Setting UnityPurchasing v5.5.0 for Unity v5.5.0xp1Linux to /opt/Unity/Editor/Data/UnityExtensions/Unity/UnityPurchasing
  UnityEngine.Purchasing.dll (Extension) GUID: 8E0CD8ED44D4412CBE0642067ABC9E44
Setting UnityVR v5.5.0 for Unity v5.5.0xp1Linux to /opt/Unity/Editor/Data/UnityExtensions/Unity/UnityVR
  Editor/UnityEditor.VR.dll (Extension) GUID: 4ba2329b63d54f0187bcaa12486b1b0f
  Runtime/UnityEngine.VR.dll (Extension) GUID: 6cdf1e5c78d14720aaadccd4C792df96
  RuntimeEditor/UnityEngine.VR.dll (Extension) GUID: 307433eba81a469ab1e2084d52d1a5a2
Registering platform support modules:
Platform assembly: /opt/Unity/Editor/Data/Mono/lib/mono/2.0/Boo.Lang.Compiler.dll (this message is harmless)
Platform assembly: /opt/Unity/Editor/Data/Mono/lib/mono/2.0/Boo.Lang.dll (this message is harmless)
Platform assembly: /opt/Unity/Editor/Data/Mono/lib/mono/2.0/Boo.Lang.Parser.dll (this message is harmless)
Platform assembly: /opt/Unity/Editor/Data/Mono/lib/mono/2.0/UnityScript.Lang.dll (this message is harmless)
Registered platform support modules in: 0.0386198s.
Native extension for OSXStandalone target not found
Native extension for WindowsStandalone target not found
Native extension for LinuxStandalone target not found
Native extension for WebGL target not found
Native extension for SamsungTV target not found
Native extension for Tizen target not found
Native extension for iOS target not found
Native extension for Android target not found
Load scene 'Temp/__Backupscenes/0.backup' time: 0.374000 ms 
Load scene 'Temp/__Backupscenes/0.backup' time: 0.365000 ms 
Unloading 3 Unused Serialized files (Serialized files now loaded: 0)
System memory in use before: 41.3 MB.
System memory in use after: 41.5 MB.

Unloading 3 unused Assets to reduce memory usage. Loaded Objects now: 2816.
Total: 11.157001 ms (FindLiveObjects: 0.623000 ms CreateObjectMapping: 0.063000 ms MarkObjects: 10.421000 ms  DeleteObjects: 0.047000 ms)

[00:00:00] Enlighten: Precompute started.
[00:00:00] Enlighten: Finished 4 Create Geometry jobs (0.26s execute, 0.00s integrate, 0.10s wallclock)
[00:00:01] Enlighten: Finished 1 Layout Systems job (1.20s execute, 0.00s integrate, 1.24s wallclock)
[00:00:01] Enlighten: Finished 4 Create System jobs (0.10s execute, 0.00s integrate, 0.05s wallclock)
[00:00:01] Enlighten: Finished 1 Create SystemAtlas job (0.00s execute, 0.00s integrate, 0.05s wallclock)
[00:00:01] Enlighten: Finished 4 Clustering jobs (0.53s execute, 0.00s integrate, 0.30s wallclock)
[00:00:02] Enlighten: Finished 4 Visibility jobs (0.48s execute, 0.00s integrate, 0.30s wallclock)
[00:00:02] Enlighten: Finished 4 Light Transport jobs (0.48s execute, 0.00s integrate, 0.30s wallclock)
[00:00:02] Enlighten: Finished 1 Tetrahedralize Probes job (0.00s execute, 0.00s integrate, 0.05s wallclock)
[00:00:02] Enlighten: Precompute took 2.436450 seconds.
Enlighten scene contents:   4 geometries.   4 instances.   4 systems.   0 probe groups.   0 cube maps. Scene is up-to-date.
r/Platform/Linux/UndoPlatformDependent.cpp:SetUndoMenuNamePlatformDependent
/home/builduser/buildslave/unity/build/Editor/Platform/Linux/UndoPlatformDependent.cpp:SetUndoMenuNamePlatformDependent
/home/builduser/buildslave/unity/build/Editor/Platform/Linux/UndoPlatformDependent.cpp:SetUndoMenuNamePlatformDependent
/home/builduser/buildslave/unity/build/Editor/Platform/Linux/UndoPlatformDependent.cpp:SetUndoMenuNamePlatformDependent
/home/builduser/buildslave/unity/build/Editor/Platform/Linux/UndoPlatformDependent.cpp:SetUndoMenuNamePlatformDependent
/home/builduser/buildslave/unity/build/Editor/Platform/Linux/UndoPlatformDependent.cpp:SetUndoMenuNamePlatformDependent
/home/builduser/buildslave/unity/build/Editor/Platform/Linux/UndoPlatformDependent.cpp:SetUndoMenuNamePlatformDependent
/home/builduser/buildslave/unity/build/Editor/Platform/Linux/UndoPlatformDependent.cpp:SetUndoMenuNamePlatformDependent
/home/builduser/buildslave/unity/build/Editor/Platform/Linux/UndoPlatformDependent.cpp:SetUndoMenuNamePlatformDependent
/home/builduser/buildslave/unity/build/Editor/Platform/Linux/UndoPlatformDependent.cpp:SetUndoMenuNamePlatformDependent
/home/builduser/buildslave/unity/build/Editor/Platform/Linux/UndoPlatformDependent.cpp:SetUndoMenuNamePlatformDependent
/home/builduser/buildslave/unity/build/Editor/Platform/Linux/UndoPlatformDependent.cpp:SetUndoMenuNamePlatformDependent
/home/builduser/buildslave/unity/build/Editor/Platform/Linux/UndoPlatformDependent.cpp:SetUndoMenuNamePlatformDependent
/home/builduser/buildslave/unity/build/Editor/Platform/Linux/UndoPlatformDependent.cpp:SetUndoMenuNamePlatformDependent
/home/builduser/buildslave/unity/build/Editor/Platform/Linux/UndoPlatformDependent.cpp:SetUndoMenuNamePlatformDependent
/home/builduser/buildslave/unity/build/Editor/Platform/Linux/UndoPlatformDependent.cpp:SetUndoMenuNamePlatformDependent
/home/builduser/buildslave/unity/build/Editor/Platform/Linux/UndoPlatformDependent.cpp:SetUndoMenuNamePlatformDependent
/home/builduser/buildslave/unity/build/Editor/Platform/Linux/UndoPlatformDependent.cpp:SetUndoMenuNamePlatformDependent
/home/builduser/buildslave/unity/build/Editor/Platform/Linux/UndoPlatformDependent.cpp:SetUndoMenuNamePlatformDependent
/home/builduser/buildslave/unity/build/Editor/Platform/Linux/UndoPlatformDependent.cpp:SetUndoMenuNamePlatformDependent
/home/builduser/buildslave/unity/build/Editor/Platform/Linux/UndoPlatformDependent.cpp:SetUndoMenuNamePlatformDependent
/home/builduser/buildslave/unity/build/Editor/Platform/Linux/UndoPlatformDependent.cpp:SetUndoMenuNamePlatformDependent
/home/builduser/buildslave/unity/build/Editor/Platform/Linux/UndoPlatformDependent.cpp:SetUndoMenuNamePlatformDependent
/home/builduser/buildslave/unity/build/Editor/Platform/Linux/UndoPlatformDependent.cpp:SetUndoMenuNamePlatformDependent
/home/builduser/buildslave/unity/build/Editor/Platform/Linux/UndoPlatformDependent.cpp:SetUndoMenuNamePlatformDependent
/home/builduser/buildslave/unity/build/Editor/Platform/Linux/UndoPlatformDependent.cpp:SetUndoMenuNamePlatformDependent
/home/builduser/buildslave/unity/build/Editor/Platform/Linux/UndoPlatformDependent.cpp:SetUndoMenuNamePlatformDependent
/home/builduser/buildslave/unity/build/Editor/Platform/Linux/UndoPlatformDependent.cpp:SetUndoMenuNamePlatformDependent
/home/builduser/buildslave/unity/build/Editor/Platform/Linux/UndoPlatformDependent.cpp:SetUndoMenuNamePlatformDependent
/home/builduser/buildslave/unity/build/Editor/Platform/Linux/UndoPlatformDependent.cpp:SetUndoMenuNamePlatformDependent
/home/builduser/buildslave/unity/build/Editor/Platform/Linux/UndoPlatformDependent.cpp:SetUndoMenuNamePlatformDependent
/home/builduser/buildslave/unity/build/Editor/Platform/Linux/UndoPlatformDependent.cpp:SetUndoMenuNamePlatformDependent
/home/builduser/buildslave/unity/build/Editor/Platform/Linux/UndoPlatformDependent.cpp:SetUndoMenuNamePlatformDependent
/home/builduser/buildslave/unity/build/Editor/Platform/Linux/UndoPlatformDependent.cpp:SetUndoMenuNamePlatformDependent
/home/builduser/buildslave/unity/build/Editor/Platform/LinuxRefresh: detecting if any assets need to be imported or removed ... Refresh: elapses 0.000329 seconds (Nothing changed)
[0208/120155:ERROR:browser_main_loop.cc(207)] Gtk: IA__gtk_widget_get_window: assertion 'GTK_IS_WIDGET (widget)' failed
[0208/120155:ERROR:browser_main_loop.cc(207)] GLib-GObject: invalid cast from 'GtkDrawingArea' to 'GtkDialog'
[0208/120155:ERROR:browser_main_loop.cc(207)] Gtk: IA__gtk_dialog_get_content_area: assertion 'GTK_IS_DIALOG (dialog)' failed
Refresh: detecting if any assets need to be imported or removed ... Refresh: elapses 0.000354 seconds (Nothing changed)
Refresh: detecting if any assets need to be imported or removed ... Refresh: elapses 0.000320 seconds (Nothing changed)
Updating ProjectSettings/ProjectSettings.asset - GUID: 00000000000000004000000000000000...
 done. [Time: 8.047000 ms] 
Updating ProjectSettings/UnityConnectSettings.asset - GUID: 0000000000000000a100000000000000...
 done. [Time: 3.044000 ms] 
Refreshing native plugins compatible for Editor in 0.21 ms, found 0 plugins.
Preloading 0 native plugins for Editor in 0.00 ms.

----- Total AssetImport time: 0.059190s, AssetImport time: 0.025928s, Asset hashing: 0.000000s [0 B, 0.000000 mb/s]

Refresh: detecting if any assets need to be imported or removed ... Refresh: elapses 0.024698 seconds
Updating Library/BuildPlayer.prefs - GUID: 00000000000000005000000000000000...
 done. [Time: 3.525000 ms] 
Refreshing native plugins compatible for Editor in 0.20 ms, found 0 plugins.
Preloading 0 native plugins for Editor in 0.00 ms.

----- Total AssetImport time: 0.050862s, AssetImport time: 0.024872s, Asset hashing: 0.000000s [0 B, 0.000000 mb/s]

Updating Assets/main.unity - GUID: 388ae16c953fa47fcb2ba96e932f54e9...
----- Compute hash for Assets/main.unity.
 done. [Time: 5.952000 ms] 
Refreshing native plugins compatible for Editor in 0.23 ms, found 0 plugins.
Preloading 0 native plugins for Editor in 0.00 ms.

----- Total AssetImport time: 0.049495s, AssetImport time: 0.030018s, Asset hashing: 0.000040s [18.4 KB, 449.919708 mb/s]

Refresh: detecting if any assets need to be imported or removed ... Refresh: elapses 0.000454 seconds (Nothing changed)
Refresh: detecting if any assets need to be imported or removed ... Refresh: elapses 0.000349 seconds (Nothing changed)
Cleanup mono
debugger-agent: Unable to listen on 5
/UndoPlatformDependent.cpp:SetUndoMenuNamePlatformDependent
/home/builduser/buildslave/unity/build/Editor/Platform/Linux/UndoPlatformDependent.cpp:SetUndoMenuNamePlatformDependent
/home/builduser/buildslave/unity/build/Editor/Platform/Linux/UndoPlatformDependent.cpp:SetUndoMenuNamePlatformDependent
/home/builduser/buildslave/unity/build/Editor/Platform/Linux/UndoPlatformDependent.cpp:SetUndoMenuNamePlatformDependent
/home/builduser/buildslave/unity/build/Editor/Platform/Linux/UndoPlatformDependent.cpp:SetUndoMenuNamePlatformDependent
/home/builduser/buildslave/unity/build/Editor/Platform/Linux/UndoPlatformDependent.cpp:SetUndoMenuNamePlatformDependent
/home/builduser/buildslave/unity/build/Editor/Platform/Linux/UndoPlatformDependent.cpp:SetUndoMenuNamePlatformDependent
[usbmuxd] Stop listen thread
[usbmuxd] Listen thread exiting
process_set_termination_details: error looking up process handle 0x401
